<?xml version="1.0" encoding="UTF-8"?>
<coverage generated="1768965594129" clover="3.2.0">
  <project timestamp="1768965594129" name="All files">
    <metrics statements="308" coveredstatements="303" conditionals="161" coveredconditionals="135" methods="83" coveredmethods="80" elements="552" coveredelements="518" complexity="0" loc="308" ncloc="308" packages="5" files="18" classes="18"/>
    <package name="components">
      <metrics statements="198" coveredstatements="194" conditionals="107" coveredconditionals="95" methods="62" coveredmethods="59"/>
      <file name="About.jsx" path="/Users/kaushaldontula/.gemini/antigravity/scratch/dontula_portfolio/src/components/About.jsx">
        <metrics statements="3" coveredstatements="3" conditionals="0" coveredconditionals="0" methods="2" coveredmethods="2"/>
        <line num="4" count="1" type="stmt"/>
        <line num="5" count="2" type="stmt"/>
        <line num="58" count="36" type="stmt"/>
      </file>
      <file name="Button.jsx" path="/Users/kaushaldontula/.gemini/antigravity/scratch/dontula_portfolio/src/components/Button.jsx">
        <metrics statements="13" coveredstatements="13" conditionals="13" coveredconditionals="12" methods="1" coveredmethods="1"/>
        <line num="5" count="7" type="stmt"/>
        <line num="16" count="57" type="stmt"/>
        <line num="19" count="57" type="stmt"/>
        <line num="26" count="57" type="stmt"/>
        <line num="34" count="57" type="stmt"/>
        <line num="37" count="57" type="stmt"/>
        <line num="44" count="57" type="stmt"/>
        <line num="51" count="57" type="cond" truecount="2" falsecount="0"/>
        <line num="53" count="36" type="cond" truecount="4" falsecount="0"/>
        <line num="54" count="6" type="stmt"/>
        <line num="55" count="6" type="stmt"/>
        <line num="62" count="30" type="stmt"/>
        <line num="69" count="21" type="stmt"/>
      </file>
      <file name="ContactForm.jsx" path="/Users/kaushaldontula/.gemini/antigravity/scratch/dontula_portfolio/src/components/ContactForm.jsx">
        <metrics statements="27" coveredstatements="27" conditionals="10" coveredconditionals="9" methods="7" coveredmethods="6"/>
        <line num="6" count="1" type="stmt"/>
        <line num="7" count="20" type="stmt"/>
        <line num="12" count="20" type="stmt"/>
        <line num="13" count="20" type="stmt"/>
        <line num="16" count="20" type="stmt"/>
        <line num="18" count="20" type="stmt"/>
        <line num="19" count="9" type="stmt"/>
        <line num="20" count="9" type="stmt"/>
        <line num="23" count="20" type="stmt"/>
        <line num="24" count="3" type="stmt"/>
        <line num="25" count="3" type="stmt"/>
        <line num="27" count="3" type="stmt"/>
        <line num="31" count="3" type="stmt"/>
        <line num="33" count="3" type="stmt"/>
        <line num="34" count="3" type="stmt"/>
        <line num="41" count="2" type="stmt"/>
        <line num="43" count="2" type="cond" truecount="2" falsecount="0"/>
        <line num="44" count="1" type="stmt"/>
        <line num="45" count="1" type="stmt"/>
        <line num="47" count="1" type="stmt"/>
        <line num="49" count="1" type="stmt"/>
        <line num="50" count="1" type="cond" truecount="1" falsecount="1"/>
        <line num="53" count="1" type="stmt"/>
        <line num="54" count="1" type="stmt"/>
        <line num="55" count="1" type="stmt"/>
        <line num="59" count="20" type="stmt"/>
        <line num="82" count="1" type="stmt"/>
      </file>
      <file name="DownloadResumeButton.jsx" path="/Users/kaushaldontula/.gemini/antigravity/scratch/dontula_portfolio/src/components/DownloadResumeButton.jsx">
        <metrics statements="7" coveredstatements="7" conditionals="7" coveredconditionals="7" methods="2" coveredmethods="2"/>
        <line num="5" count="3" type="cond" truecount="2" falsecount="0"/>
        <line num="7" count="26" type="stmt"/>
        <line num="8" count="26" type="cond" truecount="3" falsecount="0"/>
        <line num="10" count="20" type="stmt"/>
        <line num="16" count="5" type="stmt"/>
        <line num="22" count="1" type="stmt"/>
        <line num="30" count="26" type="stmt"/>
      </file>
      <file name="Experience.jsx" path="/Users/kaushaldontula/.gemini/antigravity/scratch/dontula_portfolio/src/components/Experience.jsx">
        <metrics statements="26" coveredstatements="26" conditionals="24" coveredconditionals="22" methods="8" coveredmethods="8"/>
        <line num="6" count="1" type="stmt"/>
        <line num="7" count="55" type="stmt"/>
        <line num="9" count="55" type="stmt"/>
        <line num="24" count="1" type="stmt"/>
        <line num="63" count="23" type="stmt"/>
        <line num="80" count="1" type="stmt"/>
        <line num="81" count="6" type="stmt"/>
        <line num="82" count="6" type="stmt"/>
        <line num="83" count="6" type="stmt"/>
        <line num="85" count="6" type="stmt"/>
        <line num="86" count="3" type="stmt"/>
        <line num="87" count="3" type="cond" truecount="1" falsecount="1"/>
        <line num="88" count="3" type="stmt"/>
        <line num="89" count="3" type="cond" truecount="2" falsecount="0"/>
        <line num="90" count="3" type="stmt"/>
        <line num="91" count="3" type="stmt"/>
        <line num="95" count="3" type="stmt"/>
        <line num="96" count="3" type="stmt"/>
        <line num="97" count="3" type="stmt"/>
        <line num="100" count="6" type="cond" truecount="1" falsecount="1"/>
        <line num="101" count="6" type="stmt"/>
        <line num="102" count="6" type="stmt"/>
        <line num="104" count="6" type="stmt"/>
        <line num="106" count="6" type="stmt"/>
        <line num="112" count="6" type="stmt"/>
        <line num="143" count="54" type="stmt"/>
      </file>
      <file name="Footer.jsx" path="/Users/kaushaldontula/.gemini/antigravity/scratch/dontula_portfolio/src/components/Footer.jsx">
        <metrics statements="9" coveredstatements="9" conditionals="4" coveredconditionals="3" methods="4" coveredmethods="4"/>
        <line num="6" count="1" type="stmt"/>
        <line num="7" count="3" type="stmt"/>
        <line num="9" count="3" type="stmt"/>
        <line num="10" count="1" type="stmt"/>
        <line num="16" count="3" type="stmt"/>
        <line num="24" count="3" type="stmt"/>
        <line num="55" count="15" type="stmt"/>
        <line num="125" count="1" type="stmt"/>
        <line num="126" count="3" type="stmt"/>
      </file>
      <file name="Hero.jsx" path="/Users/kaushaldontula/.gemini/antigravity/scratch/dontula_portfolio/src/components/Hero.jsx">
        <metrics statements="8" coveredstatements="8" conditionals="0" coveredconditionals="0" methods="5" coveredmethods="5"/>
        <line num="7" count="1" type="stmt"/>
        <line num="14" count="1" type="stmt"/>
        <line num="15" count="4" type="stmt"/>
        <line num="17" count="4" type="stmt"/>
        <line num="18" count="3" type="stmt"/>
        <line num="19" count="1" type="stmt"/>
        <line num="22" count="3" type="stmt"/>
        <line num="25" count="4" type="stmt"/>
      </file>
      <file name="Impact.jsx" path="/Users/kaushaldontula/.gemini/antigravity/scratch/dontula_portfolio/src/components/Impact.jsx">
        <metrics statements="14" coveredstatements="14" conditionals="12" coveredconditionals="12" methods="9" coveredmethods="9"/>
        <line num="8" count="1" type="stmt"/>
        <line num="9" count="6" type="stmt"/>
        <line num="10" count="6" type="cond" truecount="2" falsecount="0"/>
        <line num="12" count="6" type="stmt"/>
        <line num="17" count="6" type="stmt"/>
        <line num="23" count="6" type="stmt"/>
        <line num="42" count="1" type="stmt"/>
        <line num="49" count="1" type="stmt"/>
        <line num="62" count="1" type="stmt"/>
        <line num="69" count="1" type="stmt"/>
        <line num="91" count="24" type="stmt"/>
        <line num="106" count="96" type="stmt"/>
        <line num="129" count="8" type="stmt"/>
        <line num="144" count="24" type="stmt"/>
      </file>
      <file name="Navbar.jsx" path="/Users/kaushaldontula/.gemini/antigravity/scratch/dontula_portfolio/src/components/Navbar.jsx">
        <metrics statements="29" coveredstatements="29" conditionals="16" coveredconditionals="15" methods="13" coveredmethods="12"/>
        <line num="6" count="1" type="stmt"/>
        <line num="8" count="1" type="stmt"/>
        <line num="9" count="21" type="stmt"/>
        <line num="10" count="21" type="stmt"/>
        <line num="11" count="21" type="stmt"/>
        <line num="13" count="21" type="stmt"/>
        <line num="14" count="6" type="stmt"/>
        <line num="15" count="1" type="stmt"/>
        <line num="17" count="6" type="stmt"/>
        <line num="18" count="6" type="stmt"/>
        <line num="21" count="21" type="stmt"/>
        <line num="22" count="9" type="stmt"/>
        <line num="25" count="21" type="stmt"/>
        <line num="26" count="135" type="cond" truecount="2" falsecount="0"/>
        <line num="27" count="108" type="stmt"/>
        <line num="30" count="21" type="stmt"/>
        <line num="43" count="1" type="stmt"/>
        <line num="44" count="1" type="stmt"/>
        <line num="54" count="105" type="stmt"/>
        <line num="72" count="4" type="stmt"/>
        <line num="95" count="30" type="stmt"/>
        <line num="100" count="2" type="cond" truecount="2" falsecount="0"/>
        <line num="101" count="2" type="cond" truecount="2" falsecount="0"/>
        <line num="102" count="1" type="stmt"/>
        <line num="103" count="1" type="cond" truecount="1" falsecount="1"/>
        <line num="104" count="1" type="stmt"/>
        <line num="105" count="1" type="stmt"/>
        <line num="110" count="2" type="stmt"/>
        <line num="111" count="2" type="stmt"/>
      </file>
      <file name="ParticleBackground.jsx" path="/Users/kaushaldontula/.gemini/antigravity/scratch/dontula_portfolio/src/components/ParticleBackground.jsx">
        <metrics statements="59" coveredstatements="55" conditionals="15" coveredconditionals="9" methods="10" coveredmethods="9"/>
        <line num="5" count="1" type="stmt"/>
        <line num="6" count="1" type="stmt"/>
        <line num="7" count="1" type="stmt"/>
        <line num="8" count="1" type="stmt"/>
        <line num="11" count="1" type="stmt"/>
        <line num="12" count="1" type="stmt"/>
        <line num="15" count="1" type="stmt"/>
        <line num="16" count="1" type="stmt"/>
        <line num="17" count="1" type="stmt"/>
        <line num="19" count="1" type="stmt"/>
        <line num="20" count="1" type="stmt"/>
        <line num="22" count="1" type="stmt"/>
        <line num="24" count="1" type="stmt"/>
        <line num="25" count="1" type="cond" truecount="1" falsecount="1"/>
        <line num="26" count="1" type="stmt"/>
        <line num="27" count="1" type="stmt"/>
        <line num="28" count="1" type="stmt"/>
        <line num="31" count="1" type="stmt"/>
        <line num="32" count="0" type="stmt"/>
        <line num="35" count="1" type="stmt"/>
        <line num="36" count="1" type="stmt"/>
        <line num="37" count="1" type="stmt"/>
        <line num="41" count="2" type="stmt"/>
        <line num="42" count="2" type="stmt"/>
        <line num="43" count="2" type="cond" truecount="2" falsecount="0"/>
        <line num="45" count="2" type="stmt"/>
        <line num="46" count="150" type="stmt"/>
        <line num="50" count="1" type="stmt"/>
        <line num="51" count="1" type="stmt"/>
        <line num="52" count="1" type="stmt"/>
        <line num="54" count="1" type="cond" truecount="1" falsecount="0"/>
        <line num="55" count="1" type="cond" truecount="1" falsecount="1"/>
        <line num="56" count="1" type="stmt"/>
        <line num="57" count="1" type="stmt"/>
        <line num="59" count="0" type="stmt"/>
        <line num="61" count="0" type="stmt"/>
        <line num="63" count="0" type="stmt"/>
        <line num="66" count="1" type="stmt"/>
        <line num="68" count="1" type="cond" truecount="2" falsecount="2"/>
        <line num="70" count="1" type="stmt"/>
        <line num="71" count="1" type="stmt"/>
        <line num="72" count="1" type="cond" truecount="1" falsecount="1"/>
        <line num="73" count="1" type="stmt"/>
        <line num="76" count="1" type="stmt"/>
        <line num="77" count="1" type="stmt"/>
        <line num="79" count="1" type="stmt"/>
        <line num="80" count="1" type="stmt"/>
        <line num="83" count="1" type="stmt"/>
        <line num="84" count="1" type="stmt"/>
        <line num="85" count="1" type="cond" truecount="1" falsecount="1"/>
        <line num="86" count="1" type="stmt"/>
        <line num="87" count="1" type="stmt"/>
        <line num="89" count="1" type="stmt"/>
        <line num="90" count="1" type="stmt"/>
        <line num="91" count="1" type="stmt"/>
        <line num="92" count="1" type="stmt"/>
        <line num="93" count="1" type="stmt"/>
        <line num="94" count="1" type="stmt"/>
        <line num="98" count="1" type="stmt"/>
      </file>
      <file name="ThemeToggle.jsx" path="/Users/kaushaldontula/.gemini/antigravity/scratch/dontula_portfolio/src/components/ThemeToggle.jsx">
        <metrics statements="3" coveredstatements="3" conditionals="6" coveredconditionals="6" methods="1" coveredmethods="1"/>
        <line num="4" count="2" type="stmt"/>
        <line num="5" count="18" type="stmt"/>
        <line num="7" count="18" type="stmt"/>
      </file>
    </package>
    <package name="context">
      <metrics statements="18" coveredstatements="17" conditionals="6" coveredconditionals="4" methods="6" coveredmethods="6"/>
      <file name="ThemeContext.jsx" path="/Users/kaushaldontula/.gemini/antigravity/scratch/dontula_portfolio/src/context/ThemeContext.jsx">
        <metrics statements="18" coveredstatements="17" conditionals="6" coveredconditionals="4" methods="6" coveredmethods="6"/>
        <line num="3" count="8" type="stmt"/>
        <line num="5" count="8" type="stmt"/>
        <line num="6" count="19" type="stmt"/>
        <line num="7" count="19" type="cond" truecount="1" falsecount="1"/>
        <line num="8" count="0" type="stmt"/>
        <line num="10" count="19" type="stmt"/>
        <line num="13" count="8" type="stmt"/>
        <line num="14" count="22" type="stmt"/>
        <line num="15" count="21" type="stmt"/>
        <line num="16" count="21" type="cond" truecount="2" falsecount="0"/>
        <line num="19" count="22" type="stmt"/>
        <line num="20" count="22" type="stmt"/>
        <line num="21" count="22" type="stmt"/>
        <line num="22" count="22" type="stmt"/>
        <line num="24" count="22" type="stmt"/>
        <line num="27" count="22" type="stmt"/>
        <line num="28" count="1" type="cond" truecount="1" falsecount="1"/>
        <line num="31" count="22" type="stmt"/>
      </file>
    </package>
    <package name="data">
      <metrics statements="3" coveredstatements="3" conditionals="0" coveredconditionals="0" methods="0" coveredmethods="0"/>
      <file name="experience.js" path="/Users/kaushaldontula/.gemini/antigravity/scratch/dontula_portfolio/src/data/experience.js">
        <metrics statements="1" coveredstatements="1" conditionals="0" coveredconditionals="0" methods="0" coveredmethods="0"/>
        <line num="1" count="1" type="stmt"/>
      </file>
      <file name="projects.js" path="/Users/kaushaldontula/.gemini/antigravity/scratch/dontula_portfolio/src/data/projects.js">
        <metrics statements="1" coveredstatements="1" conditionals="0" coveredconditionals="0" methods="0" coveredmethods="0"/>
        <line num="1" count="2" type="stmt"/>
      </file>
      <file name="writing.js" path="/Users/kaushaldontula/.gemini/antigravity/scratch/dontula_portfolio/src/data/writing.js">
        <metrics statements="1" coveredstatements="1" conditionals="0" coveredconditionals="0" methods="0" coveredmethods="0"/>
        <line num="3" count="1" type="stmt"/>
      </file>
    </package>
    <package name="pages">
      <metrics statements="19" coveredstatements="19" conditionals="12" coveredconditionals="8" methods="8" coveredmethods="8"/>
      <file name="CaseStudy.jsx" path="/Users/kaushaldontula/.gemini/antigravity/scratch/dontula_portfolio/src/pages/CaseStudy.jsx">
        <metrics statements="14" coveredstatements="14" conditionals="12" coveredconditionals="8" methods="6" coveredmethods="6"/>
        <line num="9" count="1" type="stmt"/>
        <line num="10" count="2" type="stmt"/>
        <line num="11" count="2" type="stmt"/>
        <line num="12" count="7" type="stmt"/>
        <line num="13" count="2" type="stmt"/>
        <line num="16" count="2" type="cond" truecount="1" falsecount="1"/>
        <line num="18" count="2" type="stmt"/>
        <line num="19" count="2" type="stmt"/>
        <line num="22" count="2" type="cond" truecount="2" falsecount="0"/>
        <line num="23" count="1" type="stmt"/>
        <line num="31" count="1" type="stmt"/>
        <line num="81" count="5" type="stmt"/>
        <line num="158" count="3" type="stmt"/>
        <line num="185" count="3" type="stmt"/>
      </file>
      <file name="NotFound.jsx" path="/Users/kaushaldontula/.gemini/antigravity/scratch/dontula_portfolio/src/pages/NotFound.jsx">
        <metrics statements="5" coveredstatements="5" conditionals="0" coveredconditionals="0" methods="2" coveredmethods="2"/>
        <line num="8" count="1" type="stmt"/>
        <line num="9" count="2" type="stmt"/>
        <line num="10" count="2" type="stmt"/>
        <line num="11" count="2" type="stmt"/>
        <line num="18" count="2" type="stmt"/>
      </file>
    </package>
    <package name="utils">
      <metrics statements="70" coveredstatements="70" conditionals="36" coveredconditionals="28" methods="7" coveredmethods="7"/>
      <file name="particles.js" path="/Users/kaushaldontula/.gemini/antigravity/scratch/dontula_portfolio/src/utils/particles.js">
        <metrics statements="70" coveredstatements="70" conditionals="36" coveredconditionals="28" methods="7" coveredmethods="7"/>
        <line num="1" count="2" type="stmt"/>
        <line num="2" count="3" type="cond" truecount="2" falsecount="0"/>
        <line num="3" count="2" type="stmt"/>
        <line num="5" count="1" type="stmt"/>
        <line num="8" count="2" type="stmt"/>
        <line num="9" count="5" type="cond" truecount="2" falsecount="0"/>
        <line num="10" count="4" type="stmt"/>
        <line num="12" count="1" type="stmt"/>
        <line num="17" count="155" type="stmt"/>
        <line num="18" count="155" type="stmt"/>
        <line num="19" count="155" type="stmt"/>
        <line num="20" count="155" type="stmt"/>
        <line num="21" count="155" type="stmt"/>
        <line num="22" count="155" type="stmt"/>
        <line num="23" count="155" type="stmt"/>
        <line num="24" count="155" type="stmt"/>
        <line num="25" count="155" type="stmt"/>
        <line num="29" count="4" type="cond" truecount="2" falsecount="0"/>
        <line num="30" count="1" type="stmt"/>
        <line num="31" count="1" type="stmt"/>
        <line num="32" count="1" type="stmt"/>
        <line num="33" count="1" type="cond" truecount="1" falsecount="1"/>
        <line num="34" count="1" type="stmt"/>
        <line num="35" count="1" type="stmt"/>
        <line num="36" count="1" type="stmt"/>
        <line num="37" count="1" type="stmt"/>
        <line num="38" count="1" type="stmt"/>
        <line num="39" count="1" type="stmt"/>
        <line num="40" count="1" type="stmt"/>
        <line num="41" count="1" type="stmt"/>
        <line num="45" count="4" type="stmt"/>
        <line num="46" count="4" type="stmt"/>
        <line num="48" count="4" type="cond" truecount="4" falsecount="0"/>
        <line num="49" count="4" type="cond" truecount="3" falsecount="1"/>
        <line num="53" count="1" type="cond" truecount="2" falsecount="2"/>
        <line num="54" count="1" type="stmt"/>
        <line num="56" count="1" type="stmt"/>
        <line num="57" count="1" type="stmt"/>
        <line num="58" count="1" type="stmt"/>
        <line num="59" count="1" type="stmt"/>
        <line num="63" count="2" type="stmt"/>
        <line num="64" count="4" type="stmt"/>
        <line num="66" count="4" type="stmt"/>
        <line num="67" count="8" type="stmt"/>
        <line num="68" count="8" type="stmt"/>
        <line num="71" count="4" type="cond" truecount="2" falsecount="0"/>
        <line num="72" count="3" type="stmt"/>
        <line num="73" count="3" type="stmt"/>
        <line num="74" count="6" type="stmt"/>
        <line num="75" count="6" type="stmt"/>
        <line num="76" count="3" type="stmt"/>
        <line num="77" count="3" type="stmt"/>
        <line num="78" count="3" type="stmt"/>
        <line num="80" count="3" type="cond" truecount="3" falsecount="1"/>
        <line num="82" count="3" type="stmt"/>
        <line num="84" count="3" type="cond" truecount="1" falsecount="1"/>
        <line num="85" count="3" type="stmt"/>
        <line num="86" count="3" type="stmt"/>
        <line num="88" count="3" type="cond" truecount="2" falsecount="0"/>
        <line num="89" count="1" type="stmt"/>
        <line num="90" count="1" type="stmt"/>
        <line num="91" count="1" type="cond" truecount="3" falsecount="1"/>
        <line num="92" count="1" type="stmt"/>
        <line num="93" count="1" type="cond" truecount="1" falsecount="1"/>
        <line num="94" count="1" type="stmt"/>
        <line num="99" count="3" type="stmt"/>
        <line num="100" count="3" type="stmt"/>
        <line num="101" count="3" type="stmt"/>
        <line num="102" count="3" type="stmt"/>
        <line num="103" count="3" type="stmt"/>
      </file>
    </package>
  </project>
</coverage>
