{"/Users/kaushaldontula/.gemini/antigravity/scratch/dontula_portfolio/src/components/About.jsx": {"path":"/Users/kaushaldontula/.gemini/antigravity/scratch/dontula_portfolio/src/components/About.jsx","statementMap":{"0":{"start":{"line":4,"column":14},"end":{"line":68,"column":null}},"1":{"start":{"line":5,"column":4},"end":{"line":66,"column":null}},"2":{"start":{"line":58,"column":32},"end":{"line":60,"column":null}}},"fnMap":{"0":{"name":"(anonymous_0)","decl":{"start":{"line":4,"column":14},"end":{"line":4,"column":20}},"loc":{"start":{"line":4,"column":20},"end":{"line":68,"column":null}},"line":4},"1":{"name":"(anonymous_1)","decl":{"start":{"line":57,"column":320},"end":{"line":57,"column":321}},"loc":{"start":{"line":58,"column":32},"end":{"line":60,"column":null}},"line":58}},"branchMap":{},"s":{"0":1,"1":2,"2":36},"f":{"0":2,"1":36},"b":{},"meta":{"lastBranch":0,"lastFunction":2,"lastStatement":3,"seen":{"s:4:14:68:Infinity":0,"f:4:14:4:20":0,"s:5:4:66:Infinity":1,"f:57:320:57:321":1,"s:58:32:60:Infinity":2}}}
,"/Users/kaushaldontula/.gemini/antigravity/scratch/dontula_portfolio/src/components/Button.jsx": {"path":"/Users/kaushaldontula/.gemini/antigravity/scratch/dontula_portfolio/src/components/Button.jsx","statementMap":{"0":{"start":{"line":5,"column":15},"end":{"line":74,"column":null}},"1":{"start":{"line":16,"column":23},"end":{"line":16,"column":null}},"2":{"start":{"line":19,"column":23},"end":{"line":23,"column":null}},"3":{"start":{"line":26,"column":26},"end":{"line":32,"column":null}},"4":{"start":{"line":34,"column":30},"end":{"line":34,"column":null}},"5":{"start":{"line":37,"column":27},"end":{"line":40,"column":null}},"6":{"start":{"line":44,"column":8},"end":{"line":47,"column":null}},"7":{"start":{"line":51,"column":4},"end":{"line":67,"column":null}},"8":{"start":{"line":53,"column":8},"end":{"line":60,"column":null}},"9":{"start":{"line":54,"column":31},"end":{"line":54,"column":null}},"10":{"start":{"line":55,"column":12},"end":{"line":58,"column":null}},"11":{"start":{"line":62,"column":8},"end":{"line":65,"column":null}},"12":{"start":{"line":69,"column":4},"end":{"line":72,"column":null}}},"fnMap":{"0":{"name":"(anonymous_0)","decl":{"start":{"line":5,"column":15},"end":{"line":5,"column":16}},"loc":{"start":{"line":14,"column":6},"end":{"line":74,"column":null}},"line":14}},"branchMap":{"0":{"loc":{"start":{"line":7,"column":4},"end":{"line":7,"column":null}},"type":"default-arg","locations":[{"start":{"line":7,"column":14},"end":{"line":7,"column":null}}],"line":7},"1":{"loc":{"start":{"line":8,"column":4},"end":{"line":8,"column":null}},"type":"default-arg","locations":[{"start":{"line":8,"column":11},"end":{"line":8,"column":null}}],"line":8},"2":{"loc":{"start":{"line":11,"column":4},"end":{"line":11,"column":null}},"type":"default-arg","locations":[{"start":{"line":11,"column":16},"end":{"line":11,"column":null}}],"line":11},"3":{"loc":{"start":{"line":45,"column":13},"end":{"line":45,"column":null}},"type":"binary-expr","locations":[{"start":{"line":45,"column":13},"end":{"line":45,"column":21}},{"start":{"line":45,"column":21},"end":{"line":45,"column":null}}],"line":45},"4":{"loc":{"start":{"line":45,"column":49},"end":{"line":45,"column":71}},"type":"cond-expr","locations":[{"start":{"line":45,"column":60},"end":{"line":45,"column":69}},{"start":{"line":45,"column":69},"end":{"line":45,"column":71}}],"line":45},"5":{"loc":{"start":{"line":51,"column":4},"end":{"line":67,"column":null}},"type":"if","locations":[{"start":{"line":51,"column":4},"end":{"line":67,"column":null}},{"start":{},"end":{}}],"line":51},"6":{"loc":{"start":{"line":53,"column":8},"end":{"line":60,"column":null}},"type":"if","locations":[{"start":{"line":53,"column":8},"end":{"line":60,"column":null}},{"start":{},"end":{}}],"line":53},"7":{"loc":{"start":{"line":53,"column":12},"end":{"line":53,"column":51}},"type":"binary-expr","locations":[{"start":{"line":53,"column":12},"end":{"line":53,"column":36}},{"start":{"line":53,"column":36},"end":{"line":53,"column":51}}],"line":53}},"s":{"0":7,"1":57,"2":57,"3":57,"4":57,"5":57,"6":57,"7":57,"8":36,"9":6,"10":6,"11":30,"12":21},"f":{"0":57},"b":{"0":[57],"1":[57],"2":[57],"3":[57,29],"4":[29,0],"5":[36,21],"6":[6,30],"7":[36,32]},"meta":{"lastBranch":8,"lastFunction":1,"lastStatement":13,"seen":{"s:5:15:74:Infinity":0,"f:5:15:5:16":0,"b:7:14:7:Infinity":0,"b:8:11:8:Infinity":1,"b:11:16:11:Infinity":2,"s:16:23:16:Infinity":1,"s:19:23:23:Infinity":2,"s:26:26:32:Infinity":3,"s:34:30:34:Infinity":4,"s:37:27:40:Infinity":5,"s:44:8:47:Infinity":6,"b:45:13:45:21:45:21:45:Infinity":3,"b:45:60:45:69:45:69:45:71":4,"b:51:4:67:Infinity:undefined:undefined:undefined:undefined":5,"s:51:4:67:Infinity":7,"b:53:8:60:Infinity:undefined:undefined:undefined:undefined":6,"s:53:8:60:Infinity":8,"b:53:12:53:36:53:36:53:51":7,"s:54:31:54:Infinity":9,"s:55:12:58:Infinity":10,"s:62:8:65:Infinity":11,"s:69:4:72:Infinity":12}}}
,"/Users/kaushaldontula/.gemini/antigravity/scratch/dontula_portfolio/src/components/ContactForm.jsx": {"path":"/Users/kaushaldontula/.gemini/antigravity/scratch/dontula_portfolio/src/components/ContactForm.jsx","statementMap":{"0":{"start":{"line":6,"column":20},"end":{"line":177,"column":null}},"1":{"start":{"line":7,"column":32},"end":{"line":11,"column":null}},"2":{"start":{"line":12,"column":28},"end":{"line":12,"column":null}},"3":{"start":{"line":13,"column":40},"end":{"line":13,"column":null}},"4":{"start":{"line":16,"column":23},"end":{"line":16,"column":null}},"5":{"start":{"line":18,"column":25},"end":{"line":21,"column":null}},"6":{"start":{"line":19,"column":32},"end":{"line":19,"column":null}},"7":{"start":{"line":20,"column":8},"end":{"line":20,"column":null}},"8":{"start":{"line":20,"column":29},"end":{"line":20,"column":56}},"9":{"start":{"line":23,"column":25},"end":{"line":57,"column":null}},"10":{"start":{"line":24,"column":8},"end":{"line":24,"column":null}},"11":{"start":{"line":25,"column":8},"end":{"line":25,"column":null}},"12":{"start":{"line":27,"column":23},"end":{"line":30,"column":null}},"13":{"start":{"line":31,"column":21},"end":{"line":31,"column":null}},"14":{"start":{"line":33,"column":8},"end":{"line":56,"column":null}},"15":{"start":{"line":34,"column":24},"end":{"line":41,"column":null}},"16":{"start":{"line":41,"column":29},"end":{"line":41,"column":39}},"17":{"start":{"line":43,"column":12},"end":{"line":51,"column":null}},"18":{"start":{"line":44,"column":16},"end":{"line":44,"column":null}},"19":{"start":{"line":45,"column":16},"end":{"line":45,"column":null}},"20":{"start":{"line":47,"column":16},"end":{"line":47,"column":null}},"21":{"start":{"line":47,"column":33},"end":{"line":47,"column":52}},"22":{"start":{"line":49,"column":16},"end":{"line":49,"column":null}},"23":{"start":{"line":50,"column":16},"end":{"line":50,"column":null}},"24":{"start":{"line":53,"column":12},"end":{"line":53,"column":null}},"25":{"start":{"line":54,"column":12},"end":{"line":54,"column":null}},"26":{"start":{"line":55,"column":12},"end":{"line":55,"column":null}},"27":{"start":{"line":59,"column":4},"end":{"line":175,"column":null}},"28":{"start":{"line":82,"column":43},"end":{"line":82,"column":null}}},"fnMap":{"0":{"name":"(anonymous_0)","decl":{"start":{"line":6,"column":20},"end":{"line":6,"column":26}},"loc":{"start":{"line":6,"column":26},"end":{"line":177,"column":null}},"line":6},"1":{"name":"(anonymous_1)","decl":{"start":{"line":18,"column":25},"end":{"line":18,"column":26}},"loc":{"start":{"line":18,"column":32},"end":{"line":21,"column":null}},"line":18},"2":{"name":"(anonymous_2)","decl":{"start":{"line":20,"column":20},"end":{"line":20,"column":29}},"loc":{"start":{"line":20,"column":29},"end":{"line":20,"column":56}},"line":20},"3":{"name":"(anonymous_3)","decl":{"start":{"line":23,"column":25},"end":{"line":23,"column":32}},"loc":{"start":{"line":23,"column":38},"end":{"line":57,"column":null}},"line":23},"4":{"name":"(anonymous_4)","decl":{"start":{"line":41,"column":20},"end":{"line":41,"column":21}},"loc":{"start":{"line":41,"column":29},"end":{"line":41,"column":39}},"line":41},"5":{"name":"(anonymous_5)","decl":{"start":{"line":47,"column":27},"end":{"line":47,"column":33}},"loc":{"start":{"line":47,"column":33},"end":{"line":47,"column":52}},"line":47},"6":{"name":"(anonymous_6)","decl":{"start":{"line":82,"column":37},"end":{"line":82,"column":43}},"loc":{"start":{"line":82,"column":43},"end":{"line":82,"column":null}},"line":82}},"branchMap":{"0":{"loc":{"start":{"line":43,"column":12},"end":{"line":51,"column":null}},"type":"if","locations":[{"start":{"line":43,"column":12},"end":{"line":51,"column":null}},{"start":{"line":48,"column":19},"end":{"line":51,"column":null}}],"line":43},"1":{"loc":{"start":{"line":50,"column":32},"end":{"line":50,"column":88}},"type":"binary-expr","locations":[{"start":{"line":50,"column":32},"end":{"line":50,"column":47}},{"start":{"line":50,"column":47},"end":{"line":50,"column":88}}],"line":50},"2":{"loc":{"start":{"line":62,"column":17},"end":{"line":172,"column":null}},"type":"cond-expr","locations":[{"start":{"line":63,"column":20},"end":{"line":87,"column":null}},{"start":{"line":89,"column":20},"end":{"line":172,"column":null}}],"line":62},"3":{"loc":{"start":{"line":146,"column":25},"end":{"line":150,"column":null}},"type":"binary-expr","locations":[{"start":{"line":146,"column":25},"end":{"line":146,"column":null}},{"start":{"line":147,"column":28},"end":{"line":150,"column":null}}],"line":146},"4":{"loc":{"start":{"line":160,"column":29},"end":{"line":169,"column":null}},"type":"cond-expr","locations":[{"start":{"line":161,"column":32},"end":{"line":164,"column":null}},{"start":{"line":166,"column":32},"end":{"line":169,"column":null}}],"line":160}},"s":{"0":1,"1":20,"2":20,"3":20,"4":20,"5":20,"6":9,"7":9,"8":9,"9":20,"10":3,"11":3,"12":3,"13":3,"14":3,"15":3,"16":2,"17":2,"18":1,"19":1,"20":1,"21":0,"22":1,"23":1,"24":1,"25":1,"26":1,"27":20,"28":1},"f":{"0":20,"1":9,"2":9,"3":3,"4":2,"5":0,"6":1},"b":{"0":[1,1],"1":[1,0],"2":[1,19],"3":[19,2],"4":[3,16]},"meta":{"lastBranch":5,"lastFunction":7,"lastStatement":29,"seen":{"s:6:20:177:Infinity":0,"f:6:20:6:26":0,"s:7:32:11:Infinity":1,"s:12:28:12:Infinity":2,"s:13:40:13:Infinity":3,"s:16:23:16:Infinity":4,"s:18:25:21:Infinity":5,"f:18:25:18:26":1,"s:19:32:19:Infinity":6,"s:20:8:20:Infinity":7,"f:20:20:20:29":2,"s:20:29:20:56":8,"s:23:25:57:Infinity":9,"f:23:25:23:32":3,"s:24:8:24:Infinity":10,"s:25:8:25:Infinity":11,"s:27:23:30:Infinity":12,"s:31:21:31:Infinity":13,"s:33:8:56:Infinity":14,"s:34:24:41:Infinity":15,"f:41:20:41:21":4,"s:41:29:41:39":16,"b:43:12:51:Infinity:48:19:51:Infinity":0,"s:43:12:51:Infinity":17,"s:44:16:44:Infinity":18,"s:45:16:45:Infinity":19,"s:47:16:47:Infinity":20,"f:47:27:47:33":5,"s:47:33:47:52":21,"s:49:16:49:Infinity":22,"s:50:16:50:Infinity":23,"b:50:32:50:47:50:47:50:88":1,"s:53:12:53:Infinity":24,"s:54:12:54:Infinity":25,"s:55:12:55:Infinity":26,"s:59:4:175:Infinity":27,"b:63:20:87:Infinity:89:20:172:Infinity":2,"f:82:37:82:43":6,"s:82:43:82:Infinity":28,"b:146:25:146:Infinity:147:28:150:Infinity":3,"b:161:32:164:Infinity:166:32:169:Infinity":4}}}
,"/Users/kaushaldontula/.gemini/antigravity/scratch/dontula_portfolio/src/components/DownloadResumeButton.jsx": {"path":"/Users/kaushaldontula/.gemini/antigravity/scratch/dontula_portfolio/src/components/DownloadResumeButton.jsx","statementMap":{"0":{"start":{"line":5,"column":29},"end":{"line":42,"column":null}},"1":{"start":{"line":7,"column":27},"end":{"line":28,"column":null}},"2":{"start":{"line":8,"column":8},"end":{"line":27,"column":null}},"3":{"start":{"line":10,"column":16},"end":{"line":14,"column":null}},"4":{"start":{"line":16,"column":16},"end":{"line":20,"column":null}},"5":{"start":{"line":22,"column":16},"end":{"line":26,"column":null}},"6":{"start":{"line":30,"column":4},"end":{"line":40,"column":null}}},"fnMap":{"0":{"name":"(anonymous_0)","decl":{"start":{"line":5,"column":29},"end":{"line":5,"column":30}},"loc":{"start":{"line":5,"column":74},"end":{"line":42,"column":null}},"line":5},"1":{"name":"(anonymous_1)","decl":{"start":{"line":7,"column":27},"end":{"line":7,"column":33}},"loc":{"start":{"line":7,"column":33},"end":{"line":28,"column":null}},"line":7}},"branchMap":{"0":{"loc":{"start":{"line":5,"column":32},"end":{"line":5,"column":53}},"type":"default-arg","locations":[{"start":{"line":5,"column":42},"end":{"line":5,"column":53}}],"line":5},"1":{"loc":{"start":{"line":5,"column":53},"end":{"line":5,"column":68}},"type":"default-arg","locations":[{"start":{"line":5,"column":65},"end":{"line":5,"column":68}}],"line":5},"2":{"loc":{"start":{"line":8,"column":8},"end":{"line":27,"column":null}},"type":"switch","locations":[{"start":{"line":9,"column":12},"end":{"line":14,"column":null}},{"start":{"line":15,"column":12},"end":{"line":20,"column":null}},{"start":{"line":21,"column":12},"end":{"line":26,"column":null}}],"line":8},"3":{"loc":{"start":{"line":39,"column":13},"end":{"line":39,"column":null}},"type":"cond-expr","locations":[{"start":{"line":39,"column":33},"end":{"line":39,"column":44}},{"start":{"line":39,"column":44},"end":{"line":39,"column":null}}],"line":39}},"s":{"0":3,"1":26,"2":26,"3":20,"4":5,"5":1,"6":26},"f":{"0":26,"1":26},"b":{"0":[26],"1":[26],"2":[20,5,1],"3":[20,6]},"meta":{"lastBranch":4,"lastFunction":2,"lastStatement":7,"seen":{"s:5:29:42:Infinity":0,"f:5:29:5:30":0,"b:5:42:5:53":0,"b:5:65:5:68":1,"s:7:27:28:Infinity":1,"f:7:27:7:33":1,"b:9:12:14:Infinity:15:12:20:Infinity:21:12:26:Infinity":2,"s:8:8:27:Infinity":2,"s:10:16:14:Infinity":3,"s:16:16:20:Infinity":4,"s:22:16:26:Infinity":5,"s:30:4:40:Infinity":6,"b:39:33:39:44:39:44:39:Infinity":3}}}
,"/Users/kaushaldontula/.gemini/antigravity/scratch/dontula_portfolio/src/components/Experience.jsx": {"path":"/Users/kaushaldontula/.gemini/antigravity/scratch/dontula_portfolio/src/components/Experience.jsx","statementMap":{"0":{"start":{"line":6,"column":23},"end":{"line":78,"column":null}},"1":{"start":{"line":7,"column":28},"end":{"line":7,"column":null}},"2":{"start":{"line":9,"column":4},"end":{"line":76,"column":null}},"3":{"start":{"line":24,"column":31},"end":{"line":24,"column":null}},"4":{"start":{"line":63,"column":32},"end":{"line":70,"column":null}},"5":{"start":{"line":80,"column":19},"end":{"line":155,"column":null}},"6":{"start":{"line":81,"column":10},"end":{"line":81,"column":null}},"7":{"start":{"line":82,"column":20},"end":{"line":82,"column":null}},"8":{"start":{"line":83,"column":28},"end":{"line":83,"column":null}},"9":{"start":{"line":85,"column":4},"end":{"line":98,"column":null}},"10":{"start":{"line":86,"column":29},"end":{"line":93,"column":null}},"11":{"start":{"line":87,"column":12},"end":{"line":92,"column":null}},"12":{"start":{"line":88,"column":29},"end":{"line":88,"column":null}},"13":{"start":{"line":89,"column":34},"end":{"line":89,"column":null}},"14":{"start":{"line":90,"column":28},"end":{"line":90,"column":null}},"15":{"start":{"line":91,"column":16},"end":{"line":91,"column":null}},"16":{"start":{"line":95,"column":8},"end":{"line":95,"column":null}},"17":{"start":{"line":96,"column":8},"end":{"line":96,"column":null}},"18":{"start":{"line":97,"column":8},"end":{"line":97,"column":null}},"19":{"start":{"line":97,"column":21},"end":{"line":97,"column":null}},"20":{"start":{"line":100,"column":27},"end":{"line":100,"column":null}},"21":{"start":{"line":101,"column":18},"end":{"line":101,"column":null}},"22":{"start":{"line":102,"column":16},"end":{"line":102,"column":null}},"23":{"start":{"line":104,"column":10},"end":{"line":104,"column":null}},"24":{"start":{"line":106,"column":10},"end":{"line":110,"column":null}},"25":{"start":{"line":112,"column":4},"end":{"line":153,"column":null}},"26":{"start":{"line":143,"column":28},"end":{"line":148,"column":null}}},"fnMap":{"0":{"name":"(anonymous_0)","decl":{"start":{"line":6,"column":23},"end":{"line":6,"column":24}},"loc":{"start":{"line":6,"column":43},"end":{"line":78,"column":null}},"line":6},"1":{"name":"(anonymous_1)","decl":{"start":{"line":24,"column":25},"end":{"line":24,"column":31}},"loc":{"start":{"line":24,"column":31},"end":{"line":24,"column":null}},"line":24},"2":{"name":"(anonymous_2)","decl":{"start":{"line":62,"column":44},"end":{"line":62,"column":45}},"loc":{"start":{"line":63,"column":32},"end":{"line":70,"column":null}},"line":63},"3":{"name":"(anonymous_3)","decl":{"start":{"line":80,"column":19},"end":{"line":80,"column":25}},"loc":{"start":{"line":80,"column":25},"end":{"line":155,"column":null}},"line":80},"4":{"name":"(anonymous_4)","decl":{"start":{"line":85,"column":14},"end":{"line":85,"column":20}},"loc":{"start":{"line":85,"column":20},"end":{"line":98,"column":7}},"line":85},"5":{"name":"(anonymous_5)","decl":{"start":{"line":86,"column":29},"end":{"line":86,"column":35}},"loc":{"start":{"line":86,"column":35},"end":{"line":93,"column":null}},"line":86},"6":{"name":"(anonymous_6)","decl":{"start":{"line":97,"column":15},"end":{"line":97,"column":21}},"loc":{"start":{"line":97,"column":21},"end":{"line":97,"column":null}},"line":97},"7":{"name":"(anonymous_7)","decl":{"start":{"line":142,"column":41},"end":{"line":142,"column":42}},"loc":{"start":{"line":143,"column":28},"end":{"line":148,"column":null}},"line":143}},"branchMap":{"0":{"loc":{"start":{"line":16,"column":65},"end":{"line":16,"column":156}},"type":"cond-expr","locations":[{"start":{"line":16,"column":84},"end":{"line":16,"column":122}},{"start":{"line":16,"column":122},"end":{"line":16,"column":156}}],"line":16},"1":{"loc":{"start":{"line":19,"column":90},"end":{"line":19,"column":131}},"type":"cond-expr","locations":[{"start":{"line":19,"column":109},"end":{"line":19,"column":122}},{"start":{"line":19,"column":122},"end":{"line":19,"column":131}}],"line":19},"2":{"loc":{"start":{"line":30,"column":49},"end":{"line":30,"column":101}},"type":"cond-expr","locations":[{"start":{"line":30,"column":68},"end":{"line":30,"column":85}},{"start":{"line":30,"column":85},"end":{"line":30,"column":101}}],"line":30},"3":{"loc":{"start":{"line":35,"column":78},"end":{"line":35,"column":134}},"type":"cond-expr","locations":[{"start":{"line":35,"column":97},"end":{"line":35,"column":121}},{"start":{"line":35,"column":121},"end":{"line":35,"column":134}}],"line":35},"4":{"loc":{"start":{"line":44,"column":145},"end":{"line":44,"column":201}},"type":"cond-expr","locations":[{"start":{"line":44,"column":164},"end":{"line":44,"column":183}},{"start":{"line":44,"column":183},"end":{"line":44,"column":201}}],"line":44},"5":{"loc":{"start":{"line":45,"column":27},"end":{"line":45,"column":69}},"type":"cond-expr","locations":[{"start":{"line":45,"column":36},"end":{"line":45,"column":54}},{"start":{"line":45,"column":54},"end":{"line":45,"column":69}}],"line":45},"6":{"loc":{"start":{"line":47,"column":43},"end":{"line":47,"column":60}},"type":"cond-expr","locations":[{"start":{"line":47,"column":52},"end":{"line":47,"column":58}},{"start":{"line":47,"column":58},"end":{"line":47,"column":60}}],"line":47},"7":{"loc":{"start":{"line":54,"column":21},"end":{"line":72,"column":null}},"type":"binary-expr","locations":[{"start":{"line":54,"column":21},"end":{"line":54,"column":null}},{"start":{"line":55,"column":24},"end":{"line":72,"column":null}}],"line":54},"8":{"loc":{"start":{"line":87,"column":12},"end":{"line":92,"column":null}},"type":"if","locations":[{"start":{"line":87,"column":12},"end":{"line":92,"column":null}},{"start":{},"end":{}}],"line":87},"9":{"loc":{"start":{"line":89,"column":34},"end":{"line":89,"column":null}},"type":"binary-expr","locations":[{"start":{"line":89,"column":34},"end":{"line":89,"column":52}},{"start":{"line":89,"column":52},"end":{"line":89,"column":null}}],"line":89},"10":{"loc":{"start":{"line":100,"column":27},"end":{"line":100,"column":null}},"type":"cond-expr","locations":[{"start":{"line":100,"column":59},"end":{"line":100,"column":80}},{"start":{"line":100,"column":80},"end":{"line":100,"column":null}}],"line":100},"11":{"loc":{"start":{"line":146,"column":43},"end":{"line":146,"column":null}},"type":"cond-expr","locations":[{"start":{"line":146,"column":61},"end":{"line":146,"column":70}},{"start":{"line":146,"column":70},"end":{"line":146,"column":null}}],"line":146}},"s":{"0":1,"1":55,"2":55,"3":1,"4":23,"5":1,"6":6,"7":6,"8":6,"9":6,"10":3,"11":3,"12":3,"13":3,"14":3,"15":3,"16":3,"17":3,"18":3,"19":3,"20":6,"21":6,"22":6,"23":6,"24":6,"25":6,"26":54},"f":{"0":55,"1":1,"2":23,"3":6,"4":3,"5":3,"6":3,"7":54},"b":{"0":[31,24],"1":[31,24],"2":[31,24],"3":[31,24],"4":[31,24],"5":[1,54],"6":[1,54],"7":[55,1],"8":[3,0],"9":[3,3],"10":[6,0],"11":[30,24]},"meta":{"lastBranch":12,"lastFunction":8,"lastStatement":27,"seen":{"s:6:23:78:Infinity":0,"f:6:23:6:24":0,"s:7:28:7:Infinity":1,"s:9:4:76:Infinity":2,"b:16:84:16:122:16:122:16:156":0,"b:19:109:19:122:19:122:19:131":1,"f:24:25:24:31":1,"s:24:31:24:Infinity":3,"b:30:68:30:85:30:85:30:101":2,"b:35:97:35:121:35:121:35:134":3,"b:44:164:44:183:44:183:44:201":4,"b:45:36:45:54:45:54:45:69":5,"b:47:52:47:58:47:58:47:60":6,"b:54:21:54:Infinity:55:24:72:Infinity":7,"f:62:44:62:45":2,"s:63:32:70:Infinity":4,"s:80:19:155:Infinity":5,"f:80:19:80:25":3,"s:81:10:81:Infinity":6,"s:82:20:82:Infinity":7,"s:83:28:83:Infinity":8,"s:85:4:98:Infinity":9,"f:85:14:85:20":4,"s:86:29:93:Infinity":10,"f:86:29:86:35":5,"b:87:12:92:Infinity:undefined:undefined:undefined:undefined":8,"s:87:12:92:Infinity":11,"s:88:29:88:Infinity":12,"s:89:34:89:Infinity":13,"b:89:34:89:52:89:52:89:Infinity":9,"s:90:28:90:Infinity":14,"s:91:16:91:Infinity":15,"s:95:8:95:Infinity":16,"s:96:8:96:Infinity":17,"s:97:8:97:Infinity":18,"f:97:15:97:21":6,"s:97:21:97:Infinity":19,"s:100:27:100:Infinity":20,"b:100:59:100:80:100:80:100:Infinity":10,"s:101:18:101:Infinity":21,"s:102:16:102:Infinity":22,"s:104:10:104:Infinity":23,"s:106:10:110:Infinity":24,"s:112:4:153:Infinity":25,"f:142:41:142:42":7,"s:143:28:148:Infinity":26,"b:146:61:146:70:146:70:146:Infinity":11}}}
,"/Users/kaushaldontula/.gemini/antigravity/scratch/dontula_portfolio/src/components/Footer.jsx": {"path":"/Users/kaushaldontula/.gemini/antigravity/scratch/dontula_portfolio/src/components/Footer.jsx","statementMap":{"0":{"start":{"line":6,"column":15},"end":{"line":123,"column":null}},"1":{"start":{"line":7,"column":10},"end":{"line":7,"column":null}},"2":{"start":{"line":9,"column":24},"end":{"line":14,"column":null}},"3":{"start":{"line":10,"column":8},"end":{"line":13,"column":null}},"4":{"start":{"line":16,"column":24},"end":{"line":22,"column":null}},"5":{"start":{"line":24,"column":4},"end":{"line":121,"column":null}},"6":{"start":{"line":55,"column":32},"end":{"line":82,"column":null}},"7":{"start":{"line":125,"column":19},"end":{"line":134,"column":null}},"8":{"start":{"line":126,"column":4},"end":{"line":134,"column":null}}},"fnMap":{"0":{"name":"(anonymous_0)","decl":{"start":{"line":6,"column":15},"end":{"line":6,"column":21}},"loc":{"start":{"line":6,"column":21},"end":{"line":123,"column":null}},"line":6},"1":{"name":"(anonymous_1)","decl":{"start":{"line":9,"column":24},"end":{"line":9,"column":30}},"loc":{"start":{"line":9,"column":30},"end":{"line":14,"column":null}},"line":9},"2":{"name":"(anonymous_2)","decl":{"start":{"line":54,"column":45},"end":{"line":54,"column":null}},"loc":{"start":{"line":55,"column":32},"end":{"line":82,"column":null}},"line":55},"3":{"name":"(anonymous_3)","decl":{"start":{"line":125,"column":19},"end":{"line":125,"column":20}},"loc":{"start":{"line":126,"column":4},"end":{"line":134,"column":null}},"line":126}},"branchMap":{"0":{"loc":{"start":{"line":56,"column":37},"end":{"line":80,"column":null}},"type":"cond-expr","locations":[{"start":{"line":57,"column":40},"end":{"line":72,"column":null}},{"start":{"line":75,"column":40},"end":{"line":80,"column":null}}],"line":56},"1":{"loc":{"start":{"line":57,"column":40},"end":{"line":72,"column":null}},"type":"cond-expr","locations":[{"start":{"line":58,"column":44},"end":{"line":65,"column":null}},{"start":{"line":67,"column":44},"end":{"line":72,"column":null}}],"line":57}},"s":{"0":1,"1":3,"2":3,"3":1,"4":3,"5":3,"6":15,"7":1,"8":3},"f":{"0":3,"1":1,"2":15,"3":3},"b":{"0":[12,3],"1":[12,0]},"meta":{"lastBranch":2,"lastFunction":4,"lastStatement":9,"seen":{"s:6:15:123:Infinity":0,"f:6:15:6:21":0,"s:7:10:7:Infinity":1,"s:9:24:14:Infinity":2,"f:9:24:9:30":1,"s:10:8:13:Infinity":3,"s:16:24:22:Infinity":4,"s:24:4:121:Infinity":5,"f:54:45:54:Infinity":2,"s:55:32:82:Infinity":6,"b:57:40:72:Infinity:75:40:80:Infinity":0,"b:58:44:65:Infinity:67:44:72:Infinity":1,"s:125:19:134:Infinity":7,"f:125:19:125:20":3,"s:126:4:134:Infinity":8}}}
,"/Users/kaushaldontula/.gemini/antigravity/scratch/dontula_portfolio/src/components/Hero.jsx": {"path":"/Users/kaushaldontula/.gemini/antigravity/scratch/dontula_portfolio/src/components/Hero.jsx","statementMap":{"0":{"start":{"line":7,"column":16},"end":{"line":12,"column":null}},"1":{"start":{"line":14,"column":13},"end":{"line":74,"column":null}},"2":{"start":{"line":15,"column":52},"end":{"line":15,"column":null}},"3":{"start":{"line":17,"column":4},"end":{"line":23,"column":null}},"4":{"start":{"line":18,"column":25},"end":{"line":20,"column":null}},"5":{"start":{"line":19,"column":12},"end":{"line":19,"column":null}},"6":{"start":{"line":19,"column":35},"end":{"line":19,"column":71}},"7":{"start":{"line":22,"column":8},"end":{"line":22,"column":null}},"8":{"start":{"line":22,"column":21},"end":{"line":22,"column":null}},"9":{"start":{"line":25,"column":4},"end":{"line":72,"column":null}}},"fnMap":{"0":{"name":"(anonymous_0)","decl":{"start":{"line":14,"column":13},"end":{"line":14,"column":19}},"loc":{"start":{"line":14,"column":19},"end":{"line":74,"column":null}},"line":14},"1":{"name":"(anonymous_1)","decl":{"start":{"line":17,"column":14},"end":{"line":17,"column":20}},"loc":{"start":{"line":17,"column":20},"end":{"line":23,"column":7}},"line":17},"2":{"name":"(anonymous_2)","decl":{"start":{"line":18,"column":37},"end":{"line":18,"column":43}},"loc":{"start":{"line":18,"column":43},"end":{"line":20,"column":11}},"line":18},"3":{"name":"(anonymous_3)","decl":{"start":{"line":19,"column":34},"end":{"line":19,"column":35}},"loc":{"start":{"line":19,"column":35},"end":{"line":19,"column":71}},"line":19},"4":{"name":"(anonymous_4)","decl":{"start":{"line":22,"column":15},"end":{"line":22,"column":21}},"loc":{"start":{"line":22,"column":21},"end":{"line":22,"column":null}},"line":22}},"branchMap":{},"s":{"0":1,"1":1,"2":4,"3":4,"4":3,"5":1,"6":1,"7":3,"8":3,"9":4},"f":{"0":4,"1":3,"2":1,"3":1,"4":3},"b":{},"meta":{"lastBranch":0,"lastFunction":5,"lastStatement":10,"seen":{"s:7:16:12:Infinity":0,"s:14:13:74:Infinity":1,"f:14:13:14:19":0,"s:15:52:15:Infinity":2,"s:17:4:23:Infinity":3,"f:17:14:17:20":1,"s:18:25:20:Infinity":4,"f:18:37:18:43":2,"s:19:12:19:Infinity":5,"f:19:34:19:35":3,"s:19:35:19:71":6,"s:22:8:22:Infinity":7,"f:22:15:22:21":4,"s:22:21:22:Infinity":8,"s:25:4:72:Infinity":9}}}
,"/Users/kaushaldontula/.gemini/antigravity/scratch/dontula_portfolio/src/components/Impact.jsx": {"path":"/Users/kaushaldontula/.gemini/antigravity/scratch/dontula_portfolio/src/components/Impact.jsx","statementMap":{"0":{"start":{"line":8,"column":15},"end":{"line":163,"column":null}},"1":{"start":{"line":9,"column":10},"end":{"line":9,"column":null}},"2":{"start":{"line":10,"column":34},"end":{"line":10,"column":null}},"3":{"start":{"line":12,"column":24},"end":{"line":15,"column":null}},"4":{"start":{"line":17,"column":28},"end":{"line":21,"column":null}},"5":{"start":{"line":23,"column":4},"end":{"line":161,"column":null}},"6":{"start":{"line":42,"column":43},"end":{"line":42,"column":null}},"7":{"start":{"line":49,"column":43},"end":{"line":49,"column":null}},"8":{"start":{"line":62,"column":43},"end":{"line":62,"column":null}},"9":{"start":{"line":69,"column":43},"end":{"line":69,"column":null}},"10":{"start":{"line":91,"column":36},"end":{"line":116,"column":null}},"11":{"start":{"line":106,"column":56},"end":{"line":108,"column":null}},"12":{"start":{"line":129,"column":36},"end":{"line":154,"column":null}},"13":{"start":{"line":144,"column":56},"end":{"line":146,"column":null}}},"fnMap":{"0":{"name":"(anonymous_0)","decl":{"start":{"line":8,"column":15},"end":{"line":8,"column":21}},"loc":{"start":{"line":8,"column":21},"end":{"line":163,"column":null}},"line":8},"1":{"name":"(anonymous_1)","decl":{"start":{"line":42,"column":37},"end":{"line":42,"column":43}},"loc":{"start":{"line":42,"column":43},"end":{"line":42,"column":null}},"line":42},"2":{"name":"(anonymous_2)","decl":{"start":{"line":49,"column":37},"end":{"line":49,"column":43}},"loc":{"start":{"line":49,"column":43},"end":{"line":49,"column":null}},"line":49},"3":{"name":"(anonymous_3)","decl":{"start":{"line":62,"column":37},"end":{"line":62,"column":43}},"loc":{"start":{"line":62,"column":43},"end":{"line":62,"column":null}},"line":62},"4":{"name":"(anonymous_4)","decl":{"start":{"line":69,"column":37},"end":{"line":69,"column":43}},"loc":{"start":{"line":69,"column":43},"end":{"line":69,"column":null}},"line":69},"5":{"name":"(anonymous_5)","decl":{"start":{"line":90,"column":46},"end":{"line":90,"column":47}},"loc":{"start":{"line":91,"column":36},"end":{"line":116,"column":null}},"line":91},"6":{"name":"(anonymous_6)","decl":{"start":{"line":105,"column":82},"end":{"line":105,"column":null}},"loc":{"start":{"line":106,"column":56},"end":{"line":108,"column":null}},"line":106},"7":{"name":"(anonymous_7)","decl":{"start":{"line":128,"column":46},"end":{"line":128,"column":47}},"loc":{"start":{"line":129,"column":36},"end":{"line":154,"column":null}},"line":129},"8":{"name":"(anonymous_8)","decl":{"start":{"line":143,"column":70},"end":{"line":143,"column":null}},"loc":{"start":{"line":144,"column":56},"end":{"line":146,"column":null}},"line":144}},"branchMap":{"0":{"loc":{"start":{"line":10,"column":47},"end":{"line":10,"column":86}},"type":"binary-expr","locations":[{"start":{"line":10,"column":47},"end":{"line":10,"column":76}},{"start":{"line":10,"column":76},"end":{"line":10,"column":86}}],"line":10},"1":{"loc":{"start":{"line":43,"column":109},"end":{"line":43,"column":258}},"type":"cond-expr","locations":[{"start":{"line":43,"column":136},"end":{"line":43,"column":181}},{"start":{"line":43,"column":181},"end":{"line":43,"column":258}}],"line":43},"2":{"loc":{"start":{"line":50,"column":109},"end":{"line":50,"column":257}},"type":"cond-expr","locations":[{"start":{"line":50,"column":135},"end":{"line":50,"column":180}},{"start":{"line":50,"column":180},"end":{"line":50,"column":257}}],"line":50},"3":{"loc":{"start":{"line":63,"column":109},"end":{"line":63,"column":258}},"type":"cond-expr","locations":[{"start":{"line":63,"column":136},"end":{"line":63,"column":181}},{"start":{"line":63,"column":181},"end":{"line":63,"column":258}}],"line":63},"4":{"loc":{"start":{"line":70,"column":109},"end":{"line":70,"column":257}},"type":"cond-expr","locations":[{"start":{"line":70,"column":135},"end":{"line":70,"column":180}},{"start":{"line":70,"column":180},"end":{"line":70,"column":257}}],"line":70},"5":{"loc":{"start":{"line":81,"column":25},"end":{"line":156,"column":null}},"type":"cond-expr","locations":[{"start":{"line":82,"column":28},"end":{"line":118,"column":null}},{"start":{"line":120,"column":28},"end":{"line":156,"column":null}}],"line":81}},"s":{"0":1,"1":6,"2":6,"3":6,"4":6,"5":6,"6":1,"7":1,"8":1,"9":1,"10":24,"11":96,"12":8,"13":24},"f":{"0":6,"1":1,"2":1,"3":1,"4":1,"5":24,"6":96,"7":8,"8":24},"b":{"0":[6,6],"1":[4,2],"2":[2,4],"3":[4,2],"4":[2,4],"5":[4,2]},"meta":{"lastBranch":6,"lastFunction":9,"lastStatement":14,"seen":{"s:8:15:163:Infinity":0,"f:8:15:8:21":0,"s:9:10:9:Infinity":1,"s:10:34:10:Infinity":2,"b:10:47:10:76:10:76:10:86":0,"s:12:24:15:Infinity":3,"s:17:28:21:Infinity":4,"s:23:4:161:Infinity":5,"f:42:37:42:43":1,"s:42:43:42:Infinity":6,"b:43:136:43:181:43:181:43:258":1,"f:49:37:49:43":2,"s:49:43:49:Infinity":7,"b:50:135:50:180:50:180:50:257":2,"f:62:37:62:43":3,"s:62:43:62:Infinity":8,"b:63:136:63:181:63:181:63:258":3,"f:69:37:69:43":4,"s:69:43:69:Infinity":9,"b:70:135:70:180:70:180:70:257":4,"b:82:28:118:Infinity:120:28:156:Infinity":5,"f:90:46:90:47":5,"s:91:36:116:Infinity":10,"f:105:82:105:Infinity":6,"s:106:56:108:Infinity":11,"f:128:46:128:47":7,"s:129:36:154:Infinity":12,"f:143:70:143:Infinity":8,"s:144:56:146:Infinity":13}}}
,"/Users/kaushaldontula/.gemini/antigravity/scratch/dontula_portfolio/src/components/Navbar.jsx": {"path":"/Users/kaushaldontula/.gemini/antigravity/scratch/dontula_portfolio/src/components/Navbar.jsx","statementMap":{"0":{"start":{"line":6,"column":18},"end":{"line":6,"column":null}},"1":{"start":{"line":8,"column":15},"end":{"line":126,"column":null}},"2":{"start":{"line":9,"column":32},"end":{"line":9,"column":null}},"3":{"start":{"line":10,"column":28},"end":{"line":10,"column":null}},"4":{"start":{"line":11,"column":10},"end":{"line":11,"column":null}},"5":{"start":{"line":13,"column":4},"end":{"line":19,"column":null}},"6":{"start":{"line":14,"column":29},"end":{"line":16,"column":null}},"7":{"start":{"line":15,"column":12},"end":{"line":15,"column":null}},"8":{"start":{"line":17,"column":8},"end":{"line":17,"column":null}},"9":{"start":{"line":18,"column":8},"end":{"line":18,"column":null}},"10":{"start":{"line":18,"column":21},"end":{"line":18,"column":null}},"11":{"start":{"line":21,"column":4},"end":{"line":23,"column":null}},"12":{"start":{"line":22,"column":8},"end":{"line":22,"column":null}},"13":{"start":{"line":25,"column":24},"end":{"line":28,"column":null}},"14":{"start":{"line":26,"column":8},"end":{"line":26,"column":null}},"15":{"start":{"line":26,"column":29},"end":{"line":26,"column":null}},"16":{"start":{"line":27,"column":8},"end":{"line":27,"column":null}},"17":{"start":{"line":30,"column":4},"end":{"line":124,"column":null}},"18":{"start":{"line":43,"column":24},"end":{"line":43,"column":null}},"19":{"start":{"line":44,"column":24},"end":{"line":44,"column":null}},"20":{"start":{"line":54,"column":28},"end":{"line":61,"column":null}},"21":{"start":{"line":72,"column":39},"end":{"line":72,"column":null}},"22":{"start":{"line":95,"column":28},"end":{"line":116,"column":null}},"23":{"start":{"line":100,"column":59},"end":{"line":100,"column":null}},"24":{"start":{"line":101,"column":40},"end":{"line":108,"column":null}},"25":{"start":{"line":102,"column":60},"end":{"line":102,"column":null}},"26":{"start":{"line":103,"column":44},"end":{"line":107,"column":null}},"27":{"start":{"line":104,"column":48},"end":{"line":106,"column":null}},"28":{"start":{"line":105,"column":52},"end":{"line":105,"column":null}},"29":{"start":{"line":110,"column":40},"end":{"line":110,"column":null}},"30":{"start":{"line":111,"column":40},"end":{"line":111,"column":null}},"31":{"start":{"line":111,"column":57},"end":{"line":111,"column":75}}},"fnMap":{"0":{"name":"(anonymous_0)","decl":{"start":{"line":8,"column":15},"end":{"line":8,"column":21}},"loc":{"start":{"line":8,"column":21},"end":{"line":126,"column":null}},"line":8},"1":{"name":"(anonymous_1)","decl":{"start":{"line":13,"column":14},"end":{"line":13,"column":20}},"loc":{"start":{"line":13,"column":20},"end":{"line":19,"column":7}},"line":13},"2":{"name":"(anonymous_2)","decl":{"start":{"line":14,"column":29},"end":{"line":14,"column":35}},"loc":{"start":{"line":14,"column":35},"end":{"line":16,"column":null}},"line":14},"3":{"name":"(anonymous_3)","decl":{"start":{"line":18,"column":15},"end":{"line":18,"column":21}},"loc":{"start":{"line":18,"column":21},"end":{"line":18,"column":null}},"line":18},"4":{"name":"(anonymous_4)","decl":{"start":{"line":21,"column":14},"end":{"line":21,"column":20}},"loc":{"start":{"line":21,"column":20},"end":{"line":23,"column":7}},"line":21},"5":{"name":"(anonymous_5)","decl":{"start":{"line":25,"column":24},"end":{"line":25,"column":25}},"loc":{"start":{"line":25,"column":34},"end":{"line":28,"column":null}},"line":25},"6":{"name":"(anonymous_6)","decl":{"start":{"line":42,"column":29},"end":{"line":42,"column":35}},"loc":{"start":{"line":42,"column":35},"end":{"line":45,"column":null}},"line":42},"7":{"name":"(anonymous_7)","decl":{"start":{"line":53,"column":39},"end":{"line":53,"column":40}},"loc":{"start":{"line":54,"column":28},"end":{"line":61,"column":null}},"line":54},"8":{"name":"(anonymous_8)","decl":{"start":{"line":72,"column":33},"end":{"line":72,"column":39}},"loc":{"start":{"line":72,"column":39},"end":{"line":72,"column":null}},"line":72},"9":{"name":"(anonymous_9)","decl":{"start":{"line":94,"column":39},"end":{"line":94,"column":40}},"loc":{"start":{"line":95,"column":28},"end":{"line":116,"column":null}},"line":95},"10":{"name":"(anonymous_10)","decl":{"start":{"line":99,"column":45},"end":{"line":99,"column":46}},"loc":{"start":{"line":99,"column":52},"end":{"line":112,"column":null}},"line":99},"11":{"name":"(anonymous_11)","decl":{"start":{"line":104,"column":59},"end":{"line":104,"column":65}},"loc":{"start":{"line":104,"column":65},"end":{"line":106,"column":51}},"line":104},"12":{"name":"(anonymous_12)","decl":{"start":{"line":111,"column":51},"end":{"line":111,"column":57}},"loc":{"start":{"line":111,"column":57},"end":{"line":111,"column":75}},"line":111}},"branchMap":{"0":{"loc":{"start":{"line":26,"column":8},"end":{"line":26,"column":null}},"type":"if","locations":[{"start":{"line":26,"column":8},"end":{"line":26,"column":null}},{"start":{},"end":{}}],"line":26},"1":{"loc":{"start":{"line":32,"column":106},"end":{"line":36,"column":null}},"type":"cond-expr","locations":[{"start":{"line":33,"column":18},"end":{"line":33,"column":null}},{"start":{"line":34,"column":18},"end":{"line":36,"column":null}}],"line":32},"2":{"loc":{"start":{"line":34,"column":18},"end":{"line":36,"column":null}},"type":"cond-expr","locations":[{"start":{"line":35,"column":22},"end":{"line":35,"column":null}},{"start":{"line":36,"column":22},"end":{"line":36,"column":null}}],"line":34},"3":{"loc":{"start":{"line":78,"column":29},"end":{"line":81,"column":null}},"type":"cond-expr","locations":[{"start":{"line":79,"column":32},"end":{"line":79,"column":null}},{"start":{"line":81,"column":32},"end":{"line":81,"column":null}}],"line":78},"4":{"loc":{"start":{"line":88,"column":13},"end":{"line":122,"column":null}},"type":"binary-expr","locations":[{"start":{"line":88,"column":13},"end":{"line":88,"column":null}},{"start":{"line":89,"column":16},"end":{"line":122,"column":null}}],"line":88},"5":{"loc":{"start":{"line":100,"column":59},"end":{"line":100,"column":null}},"type":"cond-expr","locations":[{"start":{"line":100,"column":77},"end":{"line":100,"column":89}},{"start":{"line":100,"column":89},"end":{"line":100,"column":null}}],"line":100},"6":{"loc":{"start":{"line":101,"column":40},"end":{"line":108,"column":null}},"type":"if","locations":[{"start":{"line":101,"column":40},"end":{"line":108,"column":null}},{"start":{},"end":{}}],"line":101},"7":{"loc":{"start":{"line":103,"column":44},"end":{"line":107,"column":null}},"type":"if","locations":[{"start":{"line":103,"column":44},"end":{"line":107,"column":null}},{"start":{},"end":{}}],"line":103}},"s":{"0":1,"1":1,"2":21,"3":21,"4":21,"5":21,"6":6,"7":1,"8":6,"9":6,"10":6,"11":21,"12":9,"13":21,"14":135,"15":27,"16":108,"17":21,"18":1,"19":1,"20":105,"21":4,"22":30,"23":2,"24":2,"25":1,"26":1,"27":1,"28":1,"29":2,"30":2,"31":0},"f":{"0":21,"1":6,"2":1,"3":6,"4":9,"5":135,"6":1,"7":105,"8":4,"9":30,"10":2,"11":1,"12":0},"b":{"0":[27,108],"1":[6,15],"2":[2,13],"3":[6,15],"4":[21,6],"5":[1,1],"6":[1,1],"7":[1,0]},"meta":{"lastBranch":8,"lastFunction":13,"lastStatement":32,"seen":{"s:6:18:6:Infinity":0,"s:8:15:126:Infinity":1,"f:8:15:8:21":0,"s:9:32:9:Infinity":2,"s:10:28:10:Infinity":3,"s:11:10:11:Infinity":4,"s:13:4:19:Infinity":5,"f:13:14:13:20":1,"s:14:29:16:Infinity":6,"f:14:29:14:35":2,"s:15:12:15:Infinity":7,"s:17:8:17:Infinity":8,"s:18:8:18:Infinity":9,"f:18:15:18:21":3,"s:18:21:18:Infinity":10,"s:21:4:23:Infinity":11,"f:21:14:21:20":4,"s:22:8:22:Infinity":12,"s:25:24:28:Infinity":13,"f:25:24:25:25":5,"b:26:8:26:Infinity:undefined:undefined:undefined:undefined":0,"s:26:8:26:Infinity":14,"s:26:29:26:Infinity":15,"s:27:8:27:Infinity":16,"s:30:4:124:Infinity":17,"b:33:18:33:Infinity:34:18:36:Infinity":1,"b:35:22:35:Infinity:36:22:36:Infinity":2,"f:42:29:42:35":6,"s:43:24:43:Infinity":18,"s:44:24:44:Infinity":19,"f:53:39:53:40":7,"s:54:28:61:Infinity":20,"f:72:33:72:39":8,"s:72:39:72:Infinity":21,"b:79:32:79:Infinity:81:32:81:Infinity":3,"b:88:13:88:Infinity:89:16:122:Infinity":4,"f:94:39:94:40":9,"s:95:28:116:Infinity":22,"f:99:45:99:46":10,"s:100:59:100:Infinity":23,"b:100:77:100:89:100:89:100:Infinity":5,"b:101:40:108:Infinity:undefined:undefined:undefined:undefined":6,"s:101:40:108:Infinity":24,"s:102:60:102:Infinity":25,"b:103:44:107:Infinity:undefined:undefined:undefined:undefined":7,"s:103:44:107:Infinity":26,"s:104:48:106:Infinity":27,"f:104:59:104:65":11,"s:105:52:105:Infinity":28,"s:110:40:110:Infinity":29,"s:111:40:111:Infinity":30,"f:111:51:111:57":12,"s:111:57:111:75":31}}}
,"/Users/kaushaldontula/.gemini/antigravity/scratch/dontula_portfolio/src/components/ParticleBackground.jsx": {"path":"/Users/kaushaldontula/.gemini/antigravity/scratch/dontula_portfolio/src/components/ParticleBackground.jsx","statementMap":{"0":{"start":{"line":5,"column":27},"end":{"line":99,"column":null}},"1":{"start":{"line":6,"column":10},"end":{"line":6,"column":null}},"2":{"start":{"line":7,"column":18},"end":{"line":7,"column":null}},"3":{"start":{"line":8,"column":10},"end":{"line":8,"column":null}},"4":{"start":{"line":11,"column":4},"end":{"line":13,"column":null}},"5":{"start":{"line":12,"column":8},"end":{"line":12,"column":null}},"6":{"start":{"line":15,"column":4},"end":{"line":96,"column":null}},"7":{"start":{"line":16,"column":23},"end":{"line":16,"column":null}},"8":{"start":{"line":17,"column":20},"end":{"line":17,"column":null}},"9":{"start":{"line":19,"column":24},"end":{"line":19,"column":null}},"10":{"start":{"line":20,"column":20},"end":{"line":20,"column":null}},"11":{"start":{"line":22,"column":25},"end":{"line":22,"column":null}},"12":{"start":{"line":24,"column":32},"end":{"line":29,"column":null}},"13":{"start":{"line":25,"column":12},"end":{"line":25,"column":null}},"14":{"start":{"line":25,"column":26},"end":{"line":25,"column":null}},"15":{"start":{"line":26,"column":25},"end":{"line":26,"column":null}},"16":{"start":{"line":27,"column":12},"end":{"line":27,"column":null}},"17":{"start":{"line":28,"column":12},"end":{"line":28,"column":null}},"18":{"start":{"line":31,"column":32},"end":{"line":33,"column":null}},"19":{"start":{"line":32,"column":12},"end":{"line":32,"column":null}},"20":{"start":{"line":35,"column":28},"end":{"line":38,"column":null}},"21":{"start":{"line":36,"column":12},"end":{"line":36,"column":null}},"22":{"start":{"line":37,"column":12},"end":{"line":37,"column":null}},"23":{"start":{"line":41,"column":12},"end":{"line":41,"column":null}},"24":{"start":{"line":42,"column":32},"end":{"line":42,"column":null}},"25":{"start":{"line":43,"column":12},"end":{"line":43,"column":null}},"26":{"start":{"line":43,"column":41},"end":{"line":43,"column":null}},"27":{"start":{"line":45,"column":12},"end":{"line":47,"column":null}},"28":{"start":{"line":45,"column":25},"end":{"line":45,"column":28}},"29":{"start":{"line":46,"column":16},"end":{"line":46,"column":null}},"30":{"start":{"line":50,"column":28},"end":{"line":50,"column":null}},"31":{"start":{"line":51,"column":26},"end":{"line":51,"column":null}},"32":{"start":{"line":52,"column":30},"end":{"line":52,"column":null}},"33":{"start":{"line":54,"column":24},"end":{"line":64,"column":null}},"34":{"start":{"line":55,"column":12},"end":{"line":58,"column":null}},"35":{"start":{"line":56,"column":16},"end":{"line":56,"column":null}},"36":{"start":{"line":57,"column":16},"end":{"line":57,"column":null}},"37":{"start":{"line":59,"column":12},"end":{"line":59,"column":null}},"38":{"start":{"line":61,"column":12},"end":{"line":61,"column":null}},"39":{"start":{"line":63,"column":12},"end":{"line":63,"column":null}},"40":{"start":{"line":66,"column":29},"end":{"line":74,"column":null}},"41":{"start":{"line":68,"column":12},"end":{"line":68,"column":null}},"42":{"start":{"line":68,"column":79},"end":{"line":68,"column":null}},"43":{"start":{"line":70,"column":12},"end":{"line":70,"column":null}},"44":{"start":{"line":71,"column":12},"end":{"line":71,"column":null}},"45":{"start":{"line":72,"column":12},"end":{"line":72,"column":null}},"46":{"start":{"line":73,"column":12},"end":{"line":73,"column":null}},"47":{"start":{"line":76,"column":8},"end":{"line":76,"column":null}},"48":{"start":{"line":77,"column":8},"end":{"line":77,"column":null}},"49":{"start":{"line":79,"column":8},"end":{"line":79,"column":null}},"50":{"start":{"line":80,"column":8},"end":{"line":80,"column":null}},"51":{"start":{"line":83,"column":8},"end":{"line":83,"column":null}},"52":{"start":{"line":84,"column":8},"end":{"line":84,"column":null}},"53":{"start":{"line":85,"column":8},"end":{"line":85,"column":null}},"54":{"start":{"line":86,"column":8},"end":{"line":86,"column":null}},"55":{"start":{"line":87,"column":8},"end":{"line":87,"column":null}},"56":{"start":{"line":89,"column":8},"end":{"line":95,"column":null}},"57":{"start":{"line":90,"column":12},"end":{"line":90,"column":null}},"58":{"start":{"line":91,"column":12},"end":{"line":91,"column":null}},"59":{"start":{"line":92,"column":12},"end":{"line":92,"column":null}},"60":{"start":{"line":93,"column":12},"end":{"line":93,"column":null}},"61":{"start":{"line":94,"column":12},"end":{"line":94,"column":null}},"62":{"start":{"line":98,"column":4},"end":{"line":98,"column":null}}},"fnMap":{"0":{"name":"(anonymous_0)","decl":{"start":{"line":5,"column":27},"end":{"line":5,"column":33}},"loc":{"start":{"line":5,"column":33},"end":{"line":99,"column":null}},"line":5},"1":{"name":"(anonymous_1)","decl":{"start":{"line":11,"column":14},"end":{"line":11,"column":20}},"loc":{"start":{"line":11,"column":20},"end":{"line":13,"column":7}},"line":11},"2":{"name":"(anonymous_2)","decl":{"start":{"line":15,"column":14},"end":{"line":15,"column":20}},"loc":{"start":{"line":15,"column":20},"end":{"line":96,"column":7}},"line":15},"3":{"name":"(anonymous_3)","decl":{"start":{"line":24,"column":32},"end":{"line":24,"column":33}},"loc":{"start":{"line":24,"column":43},"end":{"line":29,"column":null}},"line":24},"4":{"name":"(anonymous_4)","decl":{"start":{"line":31,"column":32},"end":{"line":31,"column":33}},"loc":{"start":{"line":31,"column":43},"end":{"line":33,"column":null}},"line":31},"5":{"name":"(anonymous_5)","decl":{"start":{"line":35,"column":28},"end":{"line":35,"column":34}},"loc":{"start":{"line":35,"column":34},"end":{"line":38,"column":null}},"line":35},"6":{"name":"initParticles","decl":{"start":{"line":40,"column":17},"end":{"line":40,"column":33}},"loc":{"start":{"line":40,"column":33},"end":{"line":48,"column":9}},"line":40},"7":{"name":"(anonymous_7)","decl":{"start":{"line":54,"column":24},"end":{"line":54,"column":25}},"loc":{"start":{"line":54,"column":45},"end":{"line":64,"column":null}},"line":54},"8":{"name":"(anonymous_8)","decl":{"start":{"line":66,"column":29},"end":{"line":66,"column":35}},"loc":{"start":{"line":66,"column":35},"end":{"line":74,"column":null}},"line":66},"9":{"name":"(anonymous_9)","decl":{"start":{"line":89,"column":15},"end":{"line":89,"column":21}},"loc":{"start":{"line":89,"column":21},"end":{"line":95,"column":null}},"line":89}},"branchMap":{"0":{"loc":{"start":{"line":25,"column":12},"end":{"line":25,"column":null}},"type":"if","locations":[{"start":{"line":25,"column":12},"end":{"line":25,"column":null}},{"start":{},"end":{}}],"line":25},"1":{"loc":{"start":{"line":43,"column":12},"end":{"line":43,"column":null}},"type":"if","locations":[{"start":{"line":43,"column":12},"end":{"line":43,"column":null}},{"start":{},"end":{}}],"line":43},"2":{"loc":{"start":{"line":54,"column":25},"end":{"line":54,"column":45}},"type":"default-arg","locations":[{"start":{"line":54,"column":39},"end":{"line":54,"column":45}}],"line":54},"3":{"loc":{"start":{"line":55,"column":12},"end":{"line":58,"column":null}},"type":"if","locations":[{"start":{"line":55,"column":12},"end":{"line":58,"column":null}},{"start":{},"end":{}}],"line":55},"4":{"loc":{"start":{"line":68,"column":12},"end":{"line":68,"column":null}},"type":"if","locations":[{"start":{"line":68,"column":12},"end":{"line":68,"column":null}},{"start":{},"end":{}}],"line":68},"5":{"loc":{"start":{"line":68,"column":16},"end":{"line":68,"column":79}},"type":"binary-expr","locations":[{"start":{"line":68,"column":16},"end":{"line":68,"column":54}},{"start":{"line":68,"column":54},"end":{"line":68,"column":79}}],"line":68},"6":{"loc":{"start":{"line":72,"column":27},"end":{"line":72,"column":null}},"type":"cond-expr","locations":[{"start":{"line":72,"column":53},"end":{"line":72,"column":58}},{"start":{"line":72,"column":58},"end":{"line":72,"column":null}}],"line":72},"7":{"loc":{"start":{"line":85,"column":23},"end":{"line":85,"column":null}},"type":"cond-expr","locations":[{"start":{"line":85,"column":49},"end":{"line":85,"column":54}},{"start":{"line":85,"column":54},"end":{"line":85,"column":null}}],"line":85}},"s":{"0":1,"1":1,"2":1,"3":1,"4":1,"5":1,"6":1,"7":1,"8":1,"9":1,"10":1,"11":1,"12":1,"13":1,"14":0,"15":1,"16":1,"17":1,"18":1,"19":0,"20":1,"21":1,"22":1,"23":2,"24":2,"25":2,"26":1,"27":2,"28":2,"29":150,"30":1,"31":1,"32":1,"33":1,"34":1,"35":1,"36":1,"37":0,"38":0,"39":0,"40":1,"41":1,"42":0,"43":1,"44":1,"45":1,"46":1,"47":1,"48":1,"49":1,"50":1,"51":1,"52":1,"53":1,"54":1,"55":1,"56":1,"57":1,"58":1,"59":1,"60":1,"61":1,"62":1},"f":{"0":1,"1":1,"2":1,"3":1,"4":0,"5":1,"6":2,"7":1,"8":1,"9":1},"b":{"0":[0,1],"1":[1,1],"2":[1],"3":[1,0],"4":[0,1],"5":[1,0],"6":[1,0],"7":[0,1]},"meta":{"lastBranch":8,"lastFunction":10,"lastStatement":63,"seen":{"s:5:27:99:Infinity":0,"f:5:27:5:33":0,"s:6:10:6:Infinity":1,"s:7:18:7:Infinity":2,"s:8:10:8:Infinity":3,"s:11:4:13:Infinity":4,"f:11:14:11:20":1,"s:12:8:12:Infinity":5,"s:15:4:96:Infinity":6,"f:15:14:15:20":2,"s:16:23:16:Infinity":7,"s:17:20:17:Infinity":8,"s:19:24:19:Infinity":9,"s:20:20:20:Infinity":10,"s:22:25:22:Infinity":11,"s:24:32:29:Infinity":12,"f:24:32:24:33":3,"b:25:12:25:Infinity:undefined:undefined:undefined:undefined":0,"s:25:12:25:Infinity":13,"s:25:26:25:Infinity":14,"s:26:25:26:Infinity":15,"s:27:12:27:Infinity":16,"s:28:12:28:Infinity":17,"s:31:32:33:Infinity":18,"f:31:32:31:33":4,"s:32:12:32:Infinity":19,"s:35:28:38:Infinity":20,"f:35:28:35:34":5,"s:36:12:36:Infinity":21,"s:37:12:37:Infinity":22,"f:40:17:40:33":6,"s:41:12:41:Infinity":23,"s:42:32:42:Infinity":24,"b:43:12:43:Infinity:undefined:undefined:undefined:undefined":1,"s:43:12:43:Infinity":25,"s:43:41:43:Infinity":26,"s:45:12:47:Infinity":27,"s:45:25:45:28":28,"s:46:16:46:Infinity":29,"s:50:28:50:Infinity":30,"s:51:26:51:Infinity":31,"s:52:30:52:Infinity":32,"s:54:24:64:Infinity":33,"f:54:24:54:25":7,"b:54:39:54:45":2,"b:55:12:58:Infinity:undefined:undefined:undefined:undefined":3,"s:55:12:58:Infinity":34,"s:56:16:56:Infinity":35,"s:57:16:57:Infinity":36,"s:59:12:59:Infinity":37,"s:61:12:61:Infinity":38,"s:63:12:63:Infinity":39,"s:66:29:74:Infinity":40,"f:66:29:66:35":8,"b:68:12:68:Infinity:undefined:undefined:undefined:undefined":4,"s:68:12:68:Infinity":41,"b:68:16:68:54:68:54:68:79":5,"s:68:79:68:Infinity":42,"s:70:12:70:Infinity":43,"s:71:12:71:Infinity":44,"s:72:12:72:Infinity":45,"b:72:53:72:58:72:58:72:Infinity":6,"s:73:12:73:Infinity":46,"s:76:8:76:Infinity":47,"s:77:8:77:Infinity":48,"s:79:8:79:Infinity":49,"s:80:8:80:Infinity":50,"s:83:8:83:Infinity":51,"s:84:8:84:Infinity":52,"s:85:8:85:Infinity":53,"b:85:49:85:54:85:54:85:Infinity":7,"s:86:8:86:Infinity":54,"s:87:8:87:Infinity":55,"s:89:8:95:Infinity":56,"f:89:15:89:21":9,"s:90:12:90:Infinity":57,"s:91:12:91:Infinity":58,"s:92:12:92:Infinity":59,"s:93:12:93:Infinity":60,"s:94:12:94:Infinity":61,"s:98:4:98:Infinity":62}}}
,"/Users/kaushaldontula/.gemini/antigravity/scratch/dontula_portfolio/src/components/ThemeToggle.jsx": {"path":"/Users/kaushaldontula/.gemini/antigravity/scratch/dontula_portfolio/src/components/ThemeToggle.jsx","statementMap":{"0":{"start":{"line":4,"column":20},"end":{"line":46,"column":null}},"1":{"start":{"line":5,"column":31},"end":{"line":5,"column":null}},"2":{"start":{"line":7,"column":4},"end":{"line":44,"column":null}}},"fnMap":{"0":{"name":"(anonymous_0)","decl":{"start":{"line":4,"column":20},"end":{"line":4,"column":26}},"loc":{"start":{"line":4,"column":26},"end":{"line":46,"column":null}},"line":4}},"branchMap":{"0":{"loc":{"start":{"line":11,"column":37},"end":{"line":11,"column":73}},"type":"cond-expr","locations":[{"start":{"line":11,"column":57},"end":{"line":11,"column":66}},{"start":{"line":11,"column":66},"end":{"line":11,"column":73}}],"line":11},"1":{"loc":{"start":{"line":13,"column":93},"end":{"line":13,"column":137}},"type":"cond-expr","locations":[{"start":{"line":13,"column":112},"end":{"line":13,"column":127}},{"start":{"line":13,"column":127},"end":{"line":13,"column":137}}],"line":13},"2":{"loc":{"start":{"line":14,"column":17},"end":{"line":41,"column":null}},"type":"cond-expr","locations":[{"start":{"line":15,"column":20},"end":{"line":27,"column":null}},{"start":{"line":29,"column":20},"end":{"line":41,"column":null}}],"line":14}},"s":{"0":2,"1":18,"2":18},"f":{"0":18},"b":{"0":[1,17],"1":[17,1],"2":[1,17]},"meta":{"lastBranch":3,"lastFunction":1,"lastStatement":3,"seen":{"s:4:20:46:Infinity":0,"f:4:20:4:26":0,"s:5:31:5:Infinity":1,"s:7:4:44:Infinity":2,"b:11:57:11:66:11:66:11:73":0,"b:13:112:13:127:13:127:13:137":1,"b:15:20:27:Infinity:29:20:41:Infinity":2}}}
,"/Users/kaushaldontula/.gemini/antigravity/scratch/dontula_portfolio/src/context/ThemeContext.jsx": {"path":"/Users/kaushaldontula/.gemini/antigravity/scratch/dontula_portfolio/src/context/ThemeContext.jsx","statementMap":{"0":{"start":{"line":3,"column":6},"end":{"line":3,"column":null}},"1":{"start":{"line":5,"column":24},"end":{"line":11,"column":null}},"2":{"start":{"line":6,"column":10},"end":{"line":6,"column":null}},"3":{"start":{"line":7,"column":4},"end":{"line":9,"column":null}},"4":{"start":{"line":8,"column":8},"end":{"line":8,"column":null}},"5":{"start":{"line":10,"column":4},"end":{"line":10,"column":null}},"6":{"start":{"line":13,"column":29},"end":{"line":36,"column":null}},"7":{"start":{"line":14,"column":26},"end":{"line":17,"column":null}},"8":{"start":{"line":15,"column":27},"end":{"line":15,"column":null}},"9":{"start":{"line":16,"column":8},"end":{"line":16,"column":null}},"10":{"start":{"line":19,"column":4},"end":{"line":25,"column":null}},"11":{"start":{"line":20,"column":21},"end":{"line":20,"column":null}},"12":{"start":{"line":21,"column":8},"end":{"line":21,"column":null}},"13":{"start":{"line":22,"column":8},"end":{"line":22,"column":null}},"14":{"start":{"line":24,"column":8},"end":{"line":24,"column":null}},"15":{"start":{"line":27,"column":24},"end":{"line":29,"column":null}},"16":{"start":{"line":28,"column":8},"end":{"line":28,"column":null}},"17":{"start":{"line":28,"column":30},"end":{"line":28,"column":70}},"18":{"start":{"line":31,"column":4},"end":{"line":34,"column":null}}},"fnMap":{"0":{"name":"(anonymous_0)","decl":{"start":{"line":5,"column":24},"end":{"line":5,"column":30}},"loc":{"start":{"line":5,"column":30},"end":{"line":11,"column":null}},"line":5},"1":{"name":"(anonymous_1)","decl":{"start":{"line":13,"column":29},"end":{"line":13,"column":30}},"loc":{"start":{"line":13,"column":47},"end":{"line":36,"column":null}},"line":13},"2":{"name":"(anonymous_2)","decl":{"start":{"line":14,"column":39},"end":{"line":14,"column":45}},"loc":{"start":{"line":14,"column":45},"end":{"line":17,"column":5}},"line":14},"3":{"name":"(anonymous_3)","decl":{"start":{"line":19,"column":14},"end":{"line":19,"column":20}},"loc":{"start":{"line":19,"column":20},"end":{"line":25,"column":7}},"line":19},"4":{"name":"(anonymous_4)","decl":{"start":{"line":27,"column":24},"end":{"line":27,"column":30}},"loc":{"start":{"line":27,"column":30},"end":{"line":29,"column":null}},"line":27},"5":{"name":"(anonymous_5)","decl":{"start":{"line":28,"column":17},"end":{"line":28,"column":30}},"loc":{"start":{"line":28,"column":30},"end":{"line":28,"column":70}},"line":28}},"branchMap":{"0":{"loc":{"start":{"line":7,"column":4},"end":{"line":9,"column":null}},"type":"if","locations":[{"start":{"line":7,"column":4},"end":{"line":9,"column":null}},{"start":{},"end":{}}],"line":7},"1":{"loc":{"start":{"line":16,"column":15},"end":{"line":16,"column":null}},"type":"binary-expr","locations":[{"start":{"line":16,"column":15},"end":{"line":16,"column":29}},{"start":{"line":16,"column":29},"end":{"line":16,"column":null}}],"line":16},"2":{"loc":{"start":{"line":28,"column":30},"end":{"line":28,"column":70}},"type":"cond-expr","locations":[{"start":{"line":28,"column":54},"end":{"line":28,"column":63}},{"start":{"line":28,"column":63},"end":{"line":28,"column":70}}],"line":28}},"s":{"0":8,"1":8,"2":19,"3":19,"4":0,"5":19,"6":8,"7":22,"8":21,"9":21,"10":22,"11":22,"12":22,"13":22,"14":22,"15":22,"16":1,"17":1,"18":22},"f":{"0":19,"1":22,"2":21,"3":22,"4":1,"5":1},"b":{"0":[0,19],"1":[21,8],"2":[0,1]},"meta":{"lastBranch":3,"lastFunction":6,"lastStatement":19,"seen":{"s:3:6:3:Infinity":0,"s:5:24:11:Infinity":1,"f:5:24:5:30":0,"s:6:10:6:Infinity":2,"b:7:4:9:Infinity:undefined:undefined:undefined:undefined":0,"s:7:4:9:Infinity":3,"s:8:8:8:Infinity":4,"s:10:4:10:Infinity":5,"s:13:29:36:Infinity":6,"f:13:29:13:30":1,"s:14:26:17:Infinity":7,"f:14:39:14:45":2,"s:15:27:15:Infinity":8,"s:16:8:16:Infinity":9,"b:16:15:16:29:16:29:16:Infinity":1,"s:19:4:25:Infinity":10,"f:19:14:19:20":3,"s:20:21:20:Infinity":11,"s:21:8:21:Infinity":12,"s:22:8:22:Infinity":13,"s:24:8:24:Infinity":14,"s:27:24:29:Infinity":15,"f:27:24:27:30":4,"s:28:8:28:Infinity":16,"f:28:17:28:30":5,"s:28:30:28:70":17,"b:28:54:28:63:28:63:28:70":2,"s:31:4:34:Infinity":18}}}
,"/Users/kaushaldontula/.gemini/antigravity/scratch/dontula_portfolio/src/data/experience.js": {"path":"/Users/kaushaldontula/.gemini/antigravity/scratch/dontula_portfolio/src/data/experience.js","statementMap":{"0":{"start":{"line":1,"column":27},"end":{"line":149,"column":1}}},"fnMap":{},"branchMap":{},"s":{"0":1},"f":{},"b":{},"meta":{"lastBranch":0,"lastFunction":0,"lastStatement":1,"seen":{"s:1:27:149:1":0}}}
,"/Users/kaushaldontula/.gemini/antigravity/scratch/dontula_portfolio/src/data/projects.js": {"path":"/Users/kaushaldontula/.gemini/antigravity/scratch/dontula_portfolio/src/data/projects.js","statementMap":{"0":{"start":{"line":1,"column":24},"end":{"line":146,"column":1}}},"fnMap":{},"branchMap":{},"s":{"0":2},"f":{},"b":{},"meta":{"lastBranch":0,"lastFunction":0,"lastStatement":1,"seen":{"s:1:24:146:1":0}}}
,"/Users/kaushaldontula/.gemini/antigravity/scratch/dontula_portfolio/src/data/writing.js": {"path":"/Users/kaushaldontula/.gemini/antigravity/scratch/dontula_portfolio/src/data/writing.js","statementMap":{"0":{"start":{"line":3,"column":24},"end":{"line":192,"column":1}}},"fnMap":{},"branchMap":{},"s":{"0":1},"f":{},"b":{},"meta":{"lastBranch":0,"lastFunction":0,"lastStatement":1,"seen":{"s:3:24:192:1":0}}}
,"/Users/kaushaldontula/.gemini/antigravity/scratch/dontula_portfolio/src/pages/CaseStudy.jsx": {"path":"/Users/kaushaldontula/.gemini/antigravity/scratch/dontula_portfolio/src/pages/CaseStudy.jsx","statementMap":{"0":{"start":{"line":9,"column":18},"end":{"line":223,"column":null}},"1":{"start":{"line":10,"column":17},"end":{"line":10,"column":null}},"2":{"start":{"line":11,"column":10},"end":{"line":11,"column":null}},"3":{"start":{"line":12,"column":25},"end":{"line":12,"column":null}},"4":{"start":{"line":12,"column":49},"end":{"line":12,"column":64}},"5":{"start":{"line":13,"column":20},"end":{"line":13,"column":null}},"6":{"start":{"line":16,"column":24},"end":{"line":16,"column":null}},"7":{"start":{"line":18,"column":4},"end":{"line":20,"column":null}},"8":{"start":{"line":19,"column":8},"end":{"line":19,"column":null}},"9":{"start":{"line":22,"column":4},"end":{"line":29,"column":null}},"10":{"start":{"line":23,"column":8},"end":{"line":27,"column":null}},"11":{"start":{"line":31,"column":4},"end":{"line":221,"column":null}},"12":{"start":{"line":81,"column":28},"end":{"line":83,"column":null}},"13":{"start":{"line":158,"column":36},"end":{"line":168,"column":null}},"14":{"start":{"line":185,"column":32},"end":{"line":190,"column":null}}},"fnMap":{"0":{"name":"(anonymous_0)","decl":{"start":{"line":9,"column":18},"end":{"line":9,"column":24}},"loc":{"start":{"line":9,"column":24},"end":{"line":223,"column":null}},"line":9},"1":{"name":"(anonymous_1)","decl":{"start":{"line":12,"column":44},"end":{"line":12,"column":49}},"loc":{"start":{"line":12,"column":49},"end":{"line":12,"column":64}},"line":12},"2":{"name":"(anonymous_2)","decl":{"start":{"line":18,"column":14},"end":{"line":18,"column":20}},"loc":{"start":{"line":18,"column":20},"end":{"line":20,"column":7}},"line":18},"3":{"name":"(anonymous_3)","decl":{"start":{"line":80,"column":42},"end":{"line":80,"column":null}},"loc":{"start":{"line":81,"column":28},"end":{"line":83,"column":null}},"line":81},"4":{"name":"(anonymous_4)","decl":{"start":{"line":157,"column":67},"end":{"line":157,"column":68}},"loc":{"start":{"line":158,"column":36},"end":{"line":168,"column":null}},"line":158},"5":{"name":"(anonymous_5)","decl":{"start":{"line":184,"column":49},"end":{"line":184,"column":50}},"loc":{"start":{"line":185,"column":32},"end":{"line":190,"column":null}},"line":185}},"branchMap":{"0":{"loc":{"start":{"line":16,"column":24},"end":{"line":16,"column":null}},"type":"cond-expr","locations":[{"start":{"line":16,"column":61},"end":{"line":16,"column":90}},{"start":{"line":16,"column":90},"end":{"line":16,"column":null}}],"line":16},"1":{"loc":{"start":{"line":22,"column":4},"end":{"line":29,"column":null}},"type":"if","locations":[{"start":{"line":22,"column":4},"end":{"line":29,"column":null}},{"start":{},"end":{}}],"line":22},"2":{"loc":{"start":{"line":117,"column":29},"end":{"line":117,"column":null}},"type":"binary-expr","locations":[{"start":{"line":117,"column":29},"end":{"line":117,"column":50}},{"start":{"line":117,"column":50},"end":{"line":117,"column":null}}],"line":117},"3":{"loc":{"start":{"line":127,"column":29},"end":{"line":127,"column":null}},"type":"binary-expr","locations":[{"start":{"line":127,"column":29},"end":{"line":127,"column":49}},{"start":{"line":127,"column":49},"end":{"line":127,"column":null}}],"line":127},"4":{"loc":{"start":{"line":156,"column":29},"end":{"line":171,"column":null}},"type":"cond-expr","locations":[{"start":{"line":157,"column":32},"end":{"line":169,"column":null}},{"start":{"line":171,"column":32},"end":{"line":171,"column":null}}],"line":156},"5":{"loc":{"start":{"line":178,"column":17},"end":{"line":193,"column":null}},"type":"binary-expr","locations":[{"start":{"line":178,"column":17},"end":{"line":178,"column":null}},{"start":{"line":179,"column":20},"end":{"line":193,"column":null}}],"line":178}},"s":{"0":1,"1":2,"2":2,"3":2,"4":7,"5":2,"6":2,"7":2,"8":2,"9":2,"10":1,"11":1,"12":5,"13":3,"14":3},"f":{"0":2,"1":7,"2":2,"3":5,"4":3,"5":3},"b":{"0":[2,0],"1":[1,1],"2":[1,0],"3":[2,0],"4":[1,0],"5":[2,1]},"meta":{"lastBranch":6,"lastFunction":6,"lastStatement":15,"seen":{"s:9:18:223:Infinity":0,"f:9:18:9:24":0,"s:10:17:10:Infinity":1,"s:11:10:11:Infinity":2,"s:12:25:12:Infinity":3,"f:12:44:12:49":1,"s:12:49:12:64":4,"s:13:20:13:Infinity":5,"s:16:24:16:Infinity":6,"b:16:61:16:90:16:90:16:Infinity":0,"s:18:4:20:Infinity":7,"f:18:14:18:20":2,"s:19:8:19:Infinity":8,"b:22:4:29:Infinity:undefined:undefined:undefined:undefined":1,"s:22:4:29:Infinity":9,"s:23:8:27:Infinity":10,"s:31:4:221:Infinity":11,"f:80:42:80:Infinity":3,"s:81:28:83:Infinity":12,"b:117:29:117:50:117:50:117:Infinity":2,"b:127:29:127:49:127:49:127:Infinity":3,"b:157:32:169:Infinity:171:32:171:Infinity":4,"f:157:67:157:68":4,"s:158:36:168:Infinity":13,"b:178:17:178:Infinity:179:20:193:Infinity":5,"f:184:49:184:50":5,"s:185:32:190:Infinity":14}}}
,"/Users/kaushaldontula/.gemini/antigravity/scratch/dontula_portfolio/src/pages/NotFound.jsx": {"path":"/Users/kaushaldontula/.gemini/antigravity/scratch/dontula_portfolio/src/pages/NotFound.jsx","statementMap":{"0":{"start":{"line":8,"column":17},"end":{"line":90,"column":null}},"1":{"start":{"line":9,"column":4},"end":{"line":16,"column":null}},"2":{"start":{"line":10,"column":8},"end":{"line":10,"column":null}},"3":{"start":{"line":11,"column":8},"end":{"line":15,"column":null}},"4":{"start":{"line":18,"column":4},"end":{"line":88,"column":null}}},"fnMap":{"0":{"name":"(anonymous_0)","decl":{"start":{"line":8,"column":17},"end":{"line":8,"column":23}},"loc":{"start":{"line":8,"column":23},"end":{"line":90,"column":null}},"line":8},"1":{"name":"(anonymous_1)","decl":{"start":{"line":9,"column":14},"end":{"line":9,"column":20}},"loc":{"start":{"line":9,"column":20},"end":{"line":16,"column":7}},"line":9}},"branchMap":{},"s":{"0":1,"1":2,"2":2,"3":2,"4":2},"f":{"0":2,"1":2},"b":{},"meta":{"lastBranch":0,"lastFunction":2,"lastStatement":5,"seen":{"s:8:17:90:Infinity":0,"f:8:17:8:23":0,"s:9:4:16:Infinity":1,"f:9:14:9:20":1,"s:10:8:10:Infinity":2,"s:11:8:15:Infinity":3,"s:18:4:88:Infinity":4}}}
,"/Users/kaushaldontula/.gemini/antigravity/scratch/dontula_portfolio/src/utils/particles.js": {"path":"/Users/kaushaldontula/.gemini/antigravity/scratch/dontula_portfolio/src/utils/particles.js","statementMap":{"0":{"start":{"line":1,"column":32},"end":{"line":6,"column":1}},"1":{"start":{"line":2,"column":4},"end":{"line":4,"column":null}},"2":{"start":{"line":3,"column":8},"end":{"line":3,"column":null}},"3":{"start":{"line":5,"column":4},"end":{"line":5,"column":null}},"4":{"start":{"line":8,"column":34},"end":{"line":13,"column":1}},"5":{"start":{"line":9,"column":4},"end":{"line":11,"column":null}},"6":{"start":{"line":10,"column":8},"end":{"line":10,"column":null}},"7":{"start":{"line":12,"column":4},"end":{"line":12,"column":null}},"8":{"start":{"line":17,"column":8},"end":{"line":17,"column":null}},"9":{"start":{"line":18,"column":8},"end":{"line":18,"column":null}},"10":{"start":{"line":19,"column":8},"end":{"line":19,"column":null}},"11":{"start":{"line":20,"column":8},"end":{"line":20,"column":null}},"12":{"start":{"line":21,"column":8},"end":{"line":21,"column":null}},"13":{"start":{"line":22,"column":8},"end":{"line":22,"column":null}},"14":{"start":{"line":23,"column":8},"end":{"line":23,"column":null}},"15":{"start":{"line":24,"column":8},"end":{"line":24,"column":null}},"16":{"start":{"line":25,"column":8},"end":{"line":25,"column":null}},"17":{"start":{"line":29,"column":8},"end":{"line":43,"column":null}},"18":{"start":{"line":30,"column":21},"end":{"line":30,"column":37}},"19":{"start":{"line":31,"column":21},"end":{"line":31,"column":37}},"20":{"start":{"line":32,"column":27},"end":{"line":32,"column":55}},"21":{"start":{"line":33,"column":12},"end":{"line":42,"column":null}},"22":{"start":{"line":34,"column":38},"end":{"line":34,"column":51}},"23":{"start":{"line":35,"column":38},"end":{"line":35,"column":51}},"24":{"start":{"line":36,"column":34},"end":{"line":36,"column":46}},"25":{"start":{"line":37,"column":28},"end":{"line":37,"column":66}},"26":{"start":{"line":38,"column":33},"end":{"line":38,"column":71}},"27":{"start":{"line":39,"column":33},"end":{"line":39,"column":71}},"28":{"start":{"line":40,"column":16},"end":{"line":40,"column":null}},"29":{"start":{"line":41,"column":16},"end":{"line":41,"column":null}},"30":{"start":{"line":45,"column":8},"end":{"line":45,"column":null}},"31":{"start":{"line":46,"column":8},"end":{"line":46,"column":null}},"32":{"start":{"line":48,"column":8},"end":{"line":48,"column":null}},"33":{"start":{"line":48,"column":48},"end":{"line":48,"column":null}},"34":{"start":{"line":49,"column":8},"end":{"line":49,"column":null}},"35":{"start":{"line":49,"column":49},"end":{"line":49,"column":null}},"36":{"start":{"line":53,"column":8},"end":{"line":55,"column":null}},"37":{"start":{"line":54,"column":12},"end":{"line":54,"column":null}},"38":{"start":{"line":56,"column":8},"end":{"line":56,"column":null}},"39":{"start":{"line":57,"column":8},"end":{"line":57,"column":null}},"40":{"start":{"line":58,"column":8},"end":{"line":58,"column":null}},"41":{"start":{"line":59,"column":8},"end":{"line":59,"column":null}},"42":{"start":{"line":63,"column":32},"end":{"line":108,"column":1}},"43":{"start":{"line":64,"column":4},"end":{"line":64,"column":null}},"44":{"start":{"line":66,"column":4},"end":{"line":69,"column":null}},"45":{"start":{"line":67,"column":8},"end":{"line":67,"column":null}},"46":{"start":{"line":68,"column":8},"end":{"line":68,"column":null}},"47":{"start":{"line":71,"column":4},"end":{"line":107,"column":null}},"48":{"start":{"line":72,"column":24},"end":{"line":72,"column":27}},"49":{"start":{"line":73,"column":8},"end":{"line":106,"column":null}},"50":{"start":{"line":73,"column":21},"end":{"line":73,"column":22}},"51":{"start":{"line":74,"column":22},"end":{"line":74,"column":34}},"52":{"start":{"line":75,"column":12},"end":{"line":105,"column":null}},"53":{"start":{"line":75,"column":25},"end":{"line":75,"column":30}},"54":{"start":{"line":76,"column":26},"end":{"line":76,"column":38}},"55":{"start":{"line":77,"column":27},"end":{"line":77,"column":36}},"56":{"start":{"line":78,"column":27},"end":{"line":78,"column":36}},"57":{"start":{"line":80,"column":16},"end":{"line":80,"column":null}},"58":{"start":{"line":80,"column":70},"end":{"line":80,"column":null}},"59":{"start":{"line":82,"column":33},"end":{"line":82,"column":61}},"60":{"start":{"line":84,"column":16},"end":{"line":104,"column":null}},"61":{"start":{"line":85,"column":20},"end":{"line":85,"column":null}},"62":{"start":{"line":86,"column":34},"end":{"line":86,"column":65}},"63":{"start":{"line":88,"column":20},"end":{"line":97,"column":null}},"64":{"start":{"line":89,"column":45},"end":{"line":89,"column":58}},"65":{"start":{"line":90,"column":45},"end":{"line":90,"column":58}},"66":{"start":{"line":91,"column":24},"end":{"line":96,"column":null}},"67":{"start":{"line":92,"column":48},"end":{"line":92,"column":116}},"68":{"start":{"line":93,"column":28},"end":{"line":95,"column":null}},"69":{"start":{"line":94,"column":32},"end":{"line":94,"column":null}},"70":{"start":{"line":99,"column":20},"end":{"line":99,"column":null}},"71":{"start":{"line":100,"column":20},"end":{"line":100,"column":null}},"72":{"start":{"line":101,"column":20},"end":{"line":101,"column":null}},"73":{"start":{"line":102,"column":20},"end":{"line":102,"column":null}},"74":{"start":{"line":103,"column":20},"end":{"line":103,"column":null}}},"fnMap":{"0":{"name":"(anonymous_0)","decl":{"start":{"line":1,"column":32},"end":{"line":1,"column":33}},"loc":{"start":{"line":1,"column":43},"end":{"line":6,"column":1}},"line":1},"1":{"name":"(anonymous_1)","decl":{"start":{"line":8,"column":34},"end":{"line":8,"column":35}},"loc":{"start":{"line":8,"column":54},"end":{"line":13,"column":1}},"line":8},"2":{"name":"(anonymous_2)","decl":{"start":{"line":16,"column":4},"end":{"line":16,"column":15}},"loc":{"start":{"line":16,"column":43},"end":{"line":26,"column":null}},"line":16},"3":{"name":"(anonymous_3)","decl":{"start":{"line":28,"column":4},"end":{"line":28,"column":10}},"loc":{"start":{"line":28,"column":45},"end":{"line":50,"column":null}},"line":28},"4":{"name":"(anonymous_4)","decl":{"start":{"line":52,"column":4},"end":{"line":52,"column":8}},"loc":{"start":{"line":52,"column":21},"end":{"line":60,"column":null}},"line":52},"5":{"name":"(anonymous_5)","decl":{"start":{"line":63,"column":32},"end":{"line":63,"column":33}},"loc":{"start":{"line":63,"column":93},"end":{"line":108,"column":1}},"line":63},"6":{"name":"(anonymous_6)","decl":{"start":{"line":66,"column":22},"end":{"line":66,"column":30}},"loc":{"start":{"line":66,"column":34},"end":{"line":69,"column":5}},"line":66}},"branchMap":{"0":{"loc":{"start":{"line":2,"column":4},"end":{"line":4,"column":null}},"type":"if","locations":[{"start":{"line":2,"column":4},"end":{"line":4,"column":null}},{"start":{},"end":{}}],"line":2},"1":{"loc":{"start":{"line":9,"column":4},"end":{"line":11,"column":null}},"type":"if","locations":[{"start":{"line":9,"column":4},"end":{"line":11,"column":null}},{"start":{},"end":{}}],"line":9},"2":{"loc":{"start":{"line":29,"column":8},"end":{"line":43,"column":null}},"type":"if","locations":[{"start":{"line":29,"column":8},"end":{"line":43,"column":null}},{"start":{},"end":{}}],"line":29},"3":{"loc":{"start":{"line":33,"column":12},"end":{"line":42,"column":null}},"type":"if","locations":[{"start":{"line":33,"column":12},"end":{"line":42,"column":null}},{"start":{},"end":{}}],"line":33},"4":{"loc":{"start":{"line":48,"column":8},"end":{"line":48,"column":null}},"type":"if","locations":[{"start":{"line":48,"column":8},"end":{"line":48,"column":null}},{"start":{},"end":{}}],"line":48},"5":{"loc":{"start":{"line":48,"column":12},"end":{"line":48,"column":46}},"type":"binary-expr","locations":[{"start":{"line":48,"column":12},"end":{"line":48,"column":22}},{"start":{"line":48,"column":26},"end":{"line":48,"column":46}}],"line":48},"6":{"loc":{"start":{"line":49,"column":8},"end":{"line":49,"column":null}},"type":"if","locations":[{"start":{"line":49,"column":8},"end":{"line":49,"column":null}},{"start":{},"end":{}}],"line":49},"7":{"loc":{"start":{"line":49,"column":12},"end":{"line":49,"column":47}},"type":"binary-expr","locations":[{"start":{"line":49,"column":12},"end":{"line":49,"column":22}},{"start":{"line":49,"column":26},"end":{"line":49,"column":47}}],"line":49},"8":{"loc":{"start":{"line":53,"column":8},"end":{"line":55,"column":null}},"type":"if","locations":[{"start":{"line":53,"column":8},"end":{"line":55,"column":null}},{"start":{},"end":{}}],"line":53},"9":{"loc":{"start":{"line":53,"column":12},"end":{"line":53,"column":47}},"type":"binary-expr","locations":[{"start":{"line":53,"column":12},"end":{"line":53,"column":23}},{"start":{"line":53,"column":27},"end":{"line":53,"column":47}}],"line":53},"10":{"loc":{"start":{"line":71,"column":4},"end":{"line":107,"column":null}},"type":"if","locations":[{"start":{"line":71,"column":4},"end":{"line":107,"column":null}},{"start":{},"end":{}}],"line":71},"11":{"loc":{"start":{"line":80,"column":16},"end":{"line":80,"column":null}},"type":"if","locations":[{"start":{"line":80,"column":16},"end":{"line":80,"column":null}},{"start":{},"end":{}}],"line":80},"12":{"loc":{"start":{"line":80,"column":20},"end":{"line":80,"column":68}},"type":"binary-expr","locations":[{"start":{"line":80,"column":20},"end":{"line":80,"column":42}},{"start":{"line":80,"column":46},"end":{"line":80,"column":68}}],"line":80},"13":{"loc":{"start":{"line":84,"column":16},"end":{"line":104,"column":null}},"type":"if","locations":[{"start":{"line":84,"column":16},"end":{"line":104,"column":null}},{"start":{},"end":{}}],"line":84},"14":{"loc":{"start":{"line":88,"column":20},"end":{"line":97,"column":null}},"type":"if","locations":[{"start":{"line":88,"column":20},"end":{"line":97,"column":null}},{"start":{},"end":{}}],"line":88},"15":{"loc":{"start":{"line":91,"column":24},"end":{"line":96,"column":null}},"type":"if","locations":[{"start":{"line":91,"column":24},"end":{"line":96,"column":null}},{"start":{},"end":{}}],"line":91},"16":{"loc":{"start":{"line":91,"column":28},"end":{"line":91,"column":106}},"type":"binary-expr","locations":[{"start":{"line":91,"column":28},"end":{"line":91,"column":65}},{"start":{"line":91,"column":69},"end":{"line":91,"column":106}}],"line":91},"17":{"loc":{"start":{"line":93,"column":28},"end":{"line":95,"column":null}},"type":"if","locations":[{"start":{"line":93,"column":28},"end":{"line":95,"column":null}},{"start":{},"end":{}}],"line":93}},"s":{"0":2,"1":3,"2":2,"3":1,"4":2,"5":5,"6":4,"7":1,"8":155,"9":155,"10":155,"11":155,"12":155,"13":155,"14":155,"15":155,"16":155,"17":4,"18":1,"19":1,"20":1,"21":1,"22":1,"23":1,"24":1,"25":1,"26":1,"27":1,"28":1,"29":1,"30":4,"31":4,"32":4,"33":2,"34":4,"35":0,"36":1,"37":1,"38":1,"39":1,"40":1,"41":1,"42":2,"43":4,"44":4,"45":8,"46":8,"47":4,"48":3,"49":3,"50":3,"51":6,"52":6,"53":6,"54":3,"55":3,"56":3,"57":3,"58":0,"59":3,"60":3,"61":3,"62":3,"63":3,"64":1,"65":1,"66":1,"67":1,"68":1,"69":1,"70":3,"71":3,"72":3,"73":3,"74":3},"f":{"0":3,"1":5,"2":155,"3":4,"4":1,"5":4,"6":8},"b":{"0":[2,1],"1":[4,1],"2":[1,3],"3":[1,0],"4":[2,2],"5":[4,2],"6":[0,4],"7":[4,4],"8":[1,0],"9":[1,0],"10":[3,1],"11":[0,3],"12":[3,3],"13":[3,0],"14":[1,2],"15":[1,0],"16":[1,1],"17":[1,0]},"meta":{"lastBranch":18,"lastFunction":7,"lastStatement":75,"seen":{"s:1:32:6:1":0,"f:1:32:1:33":0,"b:2:4:4:Infinity:undefined:undefined:undefined:undefined":0,"s:2:4:4:Infinity":1,"s:3:8:3:Infinity":2,"s:5:4:5:Infinity":3,"s:8:34:13:1":4,"f:8:34:8:35":1,"b:9:4:11:Infinity:undefined:undefined:undefined:undefined":1,"s:9:4:11:Infinity":5,"s:10:8:10:Infinity":6,"s:12:4:12:Infinity":7,"f:16:4:16:15":2,"s:17:8:17:Infinity":8,"s:18:8:18:Infinity":9,"s:19:8:19:Infinity":10,"s:20:8:20:Infinity":11,"s:21:8:21:Infinity":12,"s:22:8:22:Infinity":13,"s:23:8:23:Infinity":14,"s:24:8:24:Infinity":15,"s:25:8:25:Infinity":16,"f:28:4:28:10":3,"b:29:8:43:Infinity:undefined:undefined:undefined:undefined":2,"s:29:8:43:Infinity":17,"s:30:21:30:37":18,"s:31:21:31:37":19,"s:32:27:32:55":20,"b:33:12:42:Infinity:undefined:undefined:undefined:undefined":3,"s:33:12:42:Infinity":21,"s:34:38:34:51":22,"s:35:38:35:51":23,"s:36:34:36:46":24,"s:37:28:37:66":25,"s:38:33:38:71":26,"s:39:33:39:71":27,"s:40:16:40:Infinity":28,"s:41:16:41:Infinity":29,"s:45:8:45:Infinity":30,"s:46:8:46:Infinity":31,"b:48:8:48:Infinity:undefined:undefined:undefined:undefined":4,"s:48:8:48:Infinity":32,"b:48:12:48:22:48:26:48:46":5,"s:48:48:48:Infinity":33,"b:49:8:49:Infinity:undefined:undefined:undefined:undefined":6,"s:49:8:49:Infinity":34,"b:49:12:49:22:49:26:49:47":7,"s:49:49:49:Infinity":35,"f:52:4:52:8":4,"b:53:8:55:Infinity:undefined:undefined:undefined:undefined":8,"s:53:8:55:Infinity":36,"b:53:12:53:23:53:27:53:47":9,"s:54:12:54:Infinity":37,"s:56:8:56:Infinity":38,"s:57:8:57:Infinity":39,"s:58:8:58:Infinity":40,"s:59:8:59:Infinity":41,"s:63:32:108:1":42,"f:63:32:63:33":5,"s:64:4:64:Infinity":43,"s:66:4:69:Infinity":44,"f:66:22:66:30":6,"s:67:8:67:Infinity":45,"s:68:8:68:Infinity":46,"b:71:4:107:Infinity:undefined:undefined:undefined:undefined":10,"s:71:4:107:Infinity":47,"s:72:24:72:27":48,"s:73:8:106:Infinity":49,"s:73:21:73:22":50,"s:74:22:74:34":51,"s:75:12:105:Infinity":52,"s:75:25:75:30":53,"s:76:26:76:38":54,"s:77:27:77:36":55,"s:78:27:78:36":56,"b:80:16:80:Infinity:undefined:undefined:undefined:undefined":11,"s:80:16:80:Infinity":57,"b:80:20:80:42:80:46:80:68":12,"s:80:70:80:Infinity":58,"s:82:33:82:61":59,"b:84:16:104:Infinity:undefined:undefined:undefined:undefined":13,"s:84:16:104:Infinity":60,"s:85:20:85:Infinity":61,"s:86:34:86:65":62,"b:88:20:97:Infinity:undefined:undefined:undefined:undefined":14,"s:88:20:97:Infinity":63,"s:89:45:89:58":64,"s:90:45:90:58":65,"b:91:24:96:Infinity:undefined:undefined:undefined:undefined":15,"s:91:24:96:Infinity":66,"b:91:28:91:65:91:69:91:106":16,"s:92:48:92:116":67,"b:93:28:95:Infinity:undefined:undefined:undefined:undefined":17,"s:93:28:95:Infinity":68,"s:94:32:94:Infinity":69,"s:99:20:99:Infinity":70,"s:100:20:100:Infinity":71,"s:101:20:101:Infinity":72,"s:102:20:102:Infinity":73,"s:103:20:103:Infinity":74}}}
}
